Vivado Simulator 2018.3
Time resolution is 1 ps
WARNING: File descriptor (-1) passed to $fdisplay in file E:/Works/com_labs/lab1/lab1.srcs/sim_1/new/lab1_tb.v at line 50 is not valid.
led_o	 1zzzzzzzzzzzzzzz
counter: 00000000
WARNING: File descriptor (-1) passed to $fdisplay in file E:/Works/com_labs/lab1/lab1.srcs/sim_1/new/lab1_tb.v at line 50 is not valid.
led_o	 1zzzzzzzzzzzzzzz
counter: 00000001
WARNING: File descriptor (-1) passed to $fdisplay in file E:/Works/com_labs/lab1/lab1.srcs/sim_1/new/lab1_tb.v at line 50 is not valid.
led_o	 0zzzzzzzzzzzzzzz
counter: 00000002
WARNING: File descriptor (-1) passed to $fdisplay in file E:/Works/com_labs/lab1/lab1.srcs/sim_1/new/lab1_tb.v at line 50 is not valid.
led_o	 1zzzzzzzzzzzzzzz
counter: 00000003
WARNING: File descriptor (-1) passed to $fdisplay in file E:/Works/com_labs/lab1/lab1.srcs/sim_1/new/lab1_tb.v at line 50 is not valid.
led_o	 0zzzzzzzzzzzzzzz
counter: 00000004
WARNING: File descriptor (-1) passed to $fdisplay in file E:/Works/com_labs/lab1/lab1.srcs/sim_1/new/lab1_tb.v at line 50 is not valid.
led_o	 1zzzzzzzzzzzzzzz
counter: 00000005
WARNING: File descriptor (-1) passed to $fdisplay in file E:/Works/com_labs/lab1/lab1.srcs/sim_1/new/lab1_tb.v at line 50 is not valid.
led_o	 0zzzzzzzzzzzzzzz
counter: 00000006
WARNING: File descriptor (-1) passed to $fdisplay in file E:/Works/com_labs/lab1/lab1.srcs/sim_1/new/lab1_tb.v at line 50 is not valid.
led_o	 1zzzzzzzzzzzzzzz
counter: 00000007
WARNING: File descriptor (-1) passed to $fdisplay in file E:/Works/com_labs/lab1/lab1.srcs/sim_1/new/lab1_tb.v at line 50 is not valid.
led_o	 0zzzzzzzzzzzzzzz
counter: 00000008
WARNING: File descriptor (-1) passed to $fdisplay in file E:/Works/com_labs/lab1/lab1.srcs/sim_1/new/lab1_tb.v at line 50 is not valid.
led_o	 1zzzzzzzzzzzzzzz
counter: 00000009
WARNING: File descriptor (-1) passed to $fdisplay in file E:/Works/com_labs/lab1/lab1.srcs/sim_1/new/lab1_tb.v at line 50 is not valid.
led_o	 0zzzzzzzzzzzzzzz
counter: 0000000a
WARNING: File descriptor (-1) passed to $fdisplay in file E:/Works/com_labs/lab1/lab1.srcs/sim_1/new/lab1_tb.v at line 50 is not valid.
led_o	 1zzzzzzzzzzzzzzz
counter: 0000000b
WARNING: File descriptor (-1) passed to $fdisplay in file E:/Works/com_labs/lab1/lab1.srcs/sim_1/new/lab1_tb.v at line 50 is not valid.
led_o	 0zzzzzzzzzzzzzzz
counter: 0000000c
WARNING: File descriptor (-1) passed to $fdisplay in file E:/Works/com_labs/lab1/lab1.srcs/sim_1/new/lab1_tb.v at line 50 is not valid.
led_o	 1zzzzzzzzzzzzzzz
counter: 0000000d
WARNING: File descriptor (-1) passed to $fdisplay in file E:/Works/com_labs/lab1/lab1.srcs/sim_1/new/lab1_tb.v at line 50 is not valid.
led_o	 0zzzzzzzzzzzzzzz
counter: 0000000e
WARNING: File descriptor (-1) passed to $fdisplay in file E:/Works/com_labs/lab1/lab1.srcs/sim_1/new/lab1_tb.v at line 50 is not valid.
led_o	 1zzzzzzzzzzzzzzz
counter: 0000000f
WARNING: File descriptor (-1) passed to $fdisplay in file E:/Works/com_labs/lab1/lab1.srcs/sim_1/new/lab1_tb.v at line 50 is not valid.
led_o	 0zzzzzzzzzzzzzzz
counter: 00000010
WARNING: File descriptor (-1) passed to $fdisplay in file E:/Works/com_labs/lab1/lab1.srcs/sim_1/new/lab1_tb.v at line 50 is not valid.
led_o	 1zzzzzzzzzzzzzzz
counter: 00000011
WARNING: File descriptor (-1) passed to $fdisplay in file E:/Works/com_labs/lab1/lab1.srcs/sim_1/new/lab1_tb.v at line 50 is not valid.
led_o	 0zzzzzzzzzzzzzzz
counter: 00000012
WARNING: File descriptor (-1) passed to $fdisplay in file E:/Works/com_labs/lab1/lab1.srcs/sim_1/new/lab1_tb.v at line 50 is not valid.
led_o	 1zzzzzzzzzzzzzzz
counter: 00000013
WARNING: File descriptor (-1) passed to $fdisplay in file E:/Works/com_labs/lab1/lab1.srcs/sim_1/new/lab1_tb.v at line 50 is not valid.
led_o	 0zzzzzzzzzzzzzzz
counter: 00000014
WARNING: File descriptor (-1) passed to $fdisplay in file E:/Works/com_labs/lab1/lab1.srcs/sim_1/new/lab1_tb.v at line 50 is not valid.
led_o	 1zzzzzzzzzzzzzzz
counter: 00000015
WARNING: File descriptor (-1) passed to $fdisplay in file E:/Works/com_labs/lab1/lab1.srcs/sim_1/new/lab1_tb.v at line 50 is not valid.
led_o	 0zzzzzzzzzzzzzzz
counter: 00000016
WARNING: File descriptor (-1) passed to $fdisplay in file E:/Works/com_labs/lab1/lab1.srcs/sim_1/new/lab1_tb.v at line 50 is not valid.
led_o	 1zzzzzzzzzzzzzzz
counter: 00000017
WARNING: File descriptor (-1) passed to $fdisplay in file E:/Works/com_labs/lab1/lab1.srcs/sim_1/new/lab1_tb.v at line 50 is not valid.
led_o	 0zzzzzzzzzzzzzzz
counter: 00000018
WARNING: File descriptor (-1) passed to $fdisplay in file E:/Works/com_labs/lab1/lab1.srcs/sim_1/new/lab1_tb.v at line 50 is not valid.
led_o	 1zzzzzzzzzzzzzzz
counter: 00000019
WARNING: File descriptor (-1) passed to $fdisplay in file E:/Works/com_labs/lab1/lab1.srcs/sim_1/new/lab1_tb.v at line 50 is not valid.
led_o	 0zzzzzzzzzzzzzzz
counter: 0000001a
WARNING: File descriptor (-1) passed to $fdisplay in file E:/Works/com_labs/lab1/lab1.srcs/sim_1/new/lab1_tb.v at line 50 is not valid.
led_o	 1zzzzzzzzzzzzzzz
counter: 0000001b
WARNING: File descriptor (-1) passed to $fdisplay in file E:/Works/com_labs/lab1/lab1.srcs/sim_1/new/lab1_tb.v at line 50 is not valid.
led_o	 0zzzzzzzzzzzzzzz
counter: 0000001c
WARNING: File descriptor (-1) passed to $fdisplay in file E:/Works/com_labs/lab1/lab1.srcs/sim_1/new/lab1_tb.v at line 50 is not valid.
led_o	 1zzzzzzzzzzzzzzz
counter: 0000001d
WARNING: File descriptor (-1) passed to $fdisplay in file E:/Works/com_labs/lab1/lab1.srcs/sim_1/new/lab1_tb.v at line 50 is not valid.
led_o	 0zzzzzzzzzzzzzzz
counter: 0000001e
WARNING: File descriptor (-1) passed to $fdisplay in file E:/Works/com_labs/lab1/lab1.srcs/sim_1/new/lab1_tb.v at line 50 is not valid.
led_o	 1zzzzzzzzzzzzzzz
counter: 0000001f
WARNING: File descriptor (-1) passed to $fdisplay in file E:/Works/com_labs/lab1/lab1.srcs/sim_1/new/lab1_tb.v at line 50 is not valid.
led_o	 0zzzzzzzzzzzzzzz
counter: 00000020
WARNING: File descriptor (-1) passed to $fdisplay in file E:/Works/com_labs/lab1/lab1.srcs/sim_1/new/lab1_tb.v at line 50 is not valid.
led_o	 1zzzzzzzzzzzzzzz
counter: 00000021
WARNING: File descriptor (-1) passed to $fdisplay in file E:/Works/com_labs/lab1/lab1.srcs/sim_1/new/lab1_tb.v at line 50 is not valid.
led_o	 0zzzzzzzzzzzzzzz
counter: 00000022
WARNING: File descriptor (-1) passed to $fdisplay in file E:/Works/com_labs/lab1/lab1.srcs/sim_1/new/lab1_tb.v at line 50 is not valid.
led_o	 1zzzzzzzzzzzzzzz
counter: 00000023
WARNING: File descriptor (-1) passed to $fdisplay in file E:/Works/com_labs/lab1/lab1.srcs/sim_1/new/lab1_tb.v at line 50 is not valid.
led_o	 0zzzzzzzzzzzzzzz
counter: 00000024
WARNING: File descriptor (-1) passed to $fdisplay in file E:/Works/com_labs/lab1/lab1.srcs/sim_1/new/lab1_tb.v at line 50 is not valid.
led_o	 1zzzzzzzzzzzzzzz
counter: 00000025
WARNING: File descriptor (-1) passed to $fdisplay in file E:/Works/com_labs/lab1/lab1.srcs/sim_1/new/lab1_tb.v at line 50 is not valid.
led_o	 0zzzzzzzzzzzzzzz
counter: 00000026
WARNING: File descriptor (-1) passed to $fdisplay in file E:/Works/com_labs/lab1/lab1.srcs/sim_1/new/lab1_tb.v at line 50 is not valid.
led_o	 1zzzzzzzzzzzzzzz
counter: 00000027
WARNING: File descriptor (-1) passed to $fdisplay in file E:/Works/com_labs/lab1/lab1.srcs/sim_1/new/lab1_tb.v at line 50 is not valid.
led_o	 0zzzzzzzzzzzzzzz
counter: 00000028
WARNING: File descriptor (-1) passed to $fdisplay in file E:/Works/com_labs/lab1/lab1.srcs/sim_1/new/lab1_tb.v at line 50 is not valid.
led_o	 1zzzzzzzzzzzzzzz
counter: 00000029
WARNING: File descriptor (-1) passed to $fdisplay in file E:/Works/com_labs/lab1/lab1.srcs/sim_1/new/lab1_tb.v at line 50 is not valid.
led_o	 0zzzzzzzzzzzzzzz
counter: 0000002a
WARNING: File descriptor (-1) passed to $fdisplay in file E:/Works/com_labs/lab1/lab1.srcs/sim_1/new/lab1_tb.v at line 50 is not valid.
led_o	 1zzzzzzzzzzzzzzz
counter: 0000002b
WARNING: File descriptor (-1) passed to $fdisplay in file E:/Works/com_labs/lab1/lab1.srcs/sim_1/new/lab1_tb.v at line 50 is not valid.
led_o	 0zzzzzzzzzzzzzzz
counter: 0000002c
WARNING: File descriptor (-1) passed to $fdisplay in file E:/Works/com_labs/lab1/lab1.srcs/sim_1/new/lab1_tb.v at line 50 is not valid.
led_o	 1zzzzzzzzzzzzzzz
counter: 0000002d
WARNING: File descriptor (-1) passed to $fdisplay in file E:/Works/com_labs/lab1/lab1.srcs/sim_1/new/lab1_tb.v at line 50 is not valid.
led_o	 0zzzzzzzzzzzzzzz
counter: 0000002e
WARNING: File descriptor (-1) passed to $fdisplay in file E:/Works/com_labs/lab1/lab1.srcs/sim_1/new/lab1_tb.v at line 50 is not valid.
led_o	 1zzzzzzzzzzzzzzz
counter: 0000002f
WARNING: File descriptor (-1) passed to $fdisplay in file E:/Works/com_labs/lab1/lab1.srcs/sim_1/new/lab1_tb.v at line 50 is not valid.
led_o	 0zzzzzzzzzzzzzzz
counter: 00000030
WARNING: File descriptor (-1) passed to $fdisplay in file E:/Works/com_labs/lab1/lab1.srcs/sim_1/new/lab1_tb.v at line 50 is not valid.
led_o	 1zzzzzzzzzzzzzzz
counter: 00000031
WARNING: File descriptor (-1) passed to $fdisplay in file E:/Works/com_labs/lab1/lab1.srcs/sim_1/new/lab1_tb.v at line 50 is not valid.
led_o	 0zzzzzzzzzzzzzzz
counter: 00000032
WARNING: File descriptor (-1) passed to $fdisplay in file E:/Works/com_labs/lab1/lab1.srcs/sim_1/new/lab1_tb.v at line 50 is not valid.
led_o	 1zzzzzzzzzzzzzzz
counter: 00000033
WARNING: File descriptor (-1) passed to $fdisplay in file E:/Works/com_labs/lab1/lab1.srcs/sim_1/new/lab1_tb.v at line 50 is not valid.
led_o	 0zzzzzzzzzzzzzzz
counter: 00000034
WARNING: File descriptor (-1) passed to $fdisplay in file E:/Works/com_labs/lab1/lab1.srcs/sim_1/new/lab1_tb.v at line 50 is not valid.
led_o	 1zzzzzzzzzzzzzzz
counter: 00000035
WARNING: File descriptor (-1) passed to $fdisplay in file E:/Works/com_labs/lab1/lab1.srcs/sim_1/new/lab1_tb.v at line 50 is not valid.
led_o	 0zzzzzzzzzzzzzzz
counter: 00000036
WARNING: File descriptor (-1) passed to $fdisplay in file E:/Works/com_labs/lab1/lab1.srcs/sim_1/new/lab1_tb.v at line 50 is not valid.
led_o	 1zzzzzzzzzzzzzzz
counter: 00000037
WARNING: File descriptor (-1) passed to $fdisplay in file E:/Works/com_labs/lab1/lab1.srcs/sim_1/new/lab1_tb.v at line 50 is not valid.
led_o	 0zzzzzzzzzzzzzzz
counter: 00000038
WARNING: File descriptor (-1) passed to $fdisplay in file E:/Works/com_labs/lab1/lab1.srcs/sim_1/new/lab1_tb.v at line 50 is not valid.
led_o	 1zzzzzzzzzzzzzzz
counter: 00000039
WARNING: File descriptor (-1) passed to $fdisplay in file E:/Works/com_labs/lab1/lab1.srcs/sim_1/new/lab1_tb.v at line 50 is not valid.
led_o	 0zzzzzzzzzzzzzzz
counter: 0000003a
WARNING: File descriptor (-1) passed to $fdisplay in file E:/Works/com_labs/lab1/lab1.srcs/sim_1/new/lab1_tb.v at line 50 is not valid.
led_o	 1zzzzzzzzzzzzzzz
counter: 0000003b
WARNING: File descriptor (-1) passed to $fdisplay in file E:/Works/com_labs/lab1/lab1.srcs/sim_1/new/lab1_tb.v at line 50 is not valid.
led_o	 0zzzzzzzzzzzzzzz
counter: 0000003c
WARNING: File descriptor (-1) passed to $fdisplay in file E:/Works/com_labs/lab1/lab1.srcs/sim_1/new/lab1_tb.v at line 50 is not valid.
led_o	 1zzzzzzzzzzzzzzz
counter: 0000003d
WARNING: File descriptor (-1) passed to $fdisplay in file E:/Works/com_labs/lab1/lab1.srcs/sim_1/new/lab1_tb.v at line 50 is not valid.
led_o	 0zzzzzzzzzzzzzzz
counter: 0000003e
WARNING: File descriptor (-1) passed to $fdisplay in file E:/Works/com_labs/lab1/lab1.srcs/sim_1/new/lab1_tb.v at line 50 is not valid.
led_o	 1zzzzzzzzzzzzzzz
counter: 0000003f
WARNING: File descriptor (-1) passed to $fdisplay in file E:/Works/com_labs/lab1/lab1.srcs/sim_1/new/lab1_tb.v at line 50 is not valid.
led_o	 0zzzzzzzzzzzzzzz
counter: 00000040
WARNING: File descriptor (-1) passed to $fdisplay in file E:/Works/com_labs/lab1/lab1.srcs/sim_1/new/lab1_tb.v at line 50 is not valid.
led_o	 1zzzzzzzzzzzzzzz
counter: 00000041
WARNING: File descriptor (-1) passed to $fdisplay in file E:/Works/com_labs/lab1/lab1.srcs/sim_1/new/lab1_tb.v at line 50 is not valid.
led_o	 0zzzzzzzzzzzzzzz
counter: 00000042
WARNING: File descriptor (-1) passed to $fdisplay in file E:/Works/com_labs/lab1/lab1.srcs/sim_1/new/lab1_tb.v at line 50 is not valid.
led_o	 1zzzzzzzzzzzzzzz
counter: 00000043
WARNING: File descriptor (-1) passed to $fdisplay in file E:/Works/com_labs/lab1/lab1.srcs/sim_1/new/lab1_tb.v at line 50 is not valid.
led_o	 0zzzzzzzzzzzzzzz
counter: 00000044
WARNING: File descriptor (-1) passed to $fdisplay in file E:/Works/com_labs/lab1/lab1.srcs/sim_1/new/lab1_tb.v at line 50 is not valid.
led_o	 1zzzzzzzzzzzzzzz
counter: 00000045
WARNING: File descriptor (-1) passed to $fdisplay in file E:/Works/com_labs/lab1/lab1.srcs/sim_1/new/lab1_tb.v at line 50 is not valid.
led_o	 0zzzzzzzzzzzzzzz
counter: 00000046
WARNING: File descriptor (-1) passed to $fdisplay in file E:/Works/com_labs/lab1/lab1.srcs/sim_1/new/lab1_tb.v at line 50 is not valid.
led_o	 1zzzzzzzzzzzzzzz
counter: 00000047
WARNING: File descriptor (-1) passed to $fdisplay in file E:/Works/com_labs/lab1/lab1.srcs/sim_1/new/lab1_tb.v at line 50 is not valid.
led_o	 0zzzzzzzzzzzzzzz
counter: 00000048
WARNING: File descriptor (-1) passed to $fdisplay in file E:/Works/com_labs/lab1/lab1.srcs/sim_1/new/lab1_tb.v at line 50 is not valid.
led_o	 1zzzzzzzzzzzzzzz
counter: 00000049
WARNING: File descriptor (-1) passed to $fdisplay in file E:/Works/com_labs/lab1/lab1.srcs/sim_1/new/lab1_tb.v at line 50 is not valid.
led_o	 0zzzzzzzzzzzzzzz
counter: 0000004a
WARNING: File descriptor (-1) passed to $fdisplay in file E:/Works/com_labs/lab1/lab1.srcs/sim_1/new/lab1_tb.v at line 50 is not valid.
led_o	 1zzzzzzzzzzzzzzz
counter: 0000004b
WARNING: File descriptor (-1) passed to $fdisplay in file E:/Works/com_labs/lab1/lab1.srcs/sim_1/new/lab1_tb.v at line 50 is not valid.
led_o	 0zzzzzzzzzzzzzzz
counter: 0000004c
WARNING: File descriptor (-1) passed to $fdisplay in file E:/Works/com_labs/lab1/lab1.srcs/sim_1/new/lab1_tb.v at line 50 is not valid.
led_o	 1zzzzzzzzzzzzzzz
counter: 0000004d
WARNING: File descriptor (-1) passed to $fdisplay in file E:/Works/com_labs/lab1/lab1.srcs/sim_1/new/lab1_tb.v at line 50 is not valid.
led_o	 0zzzzzzzzzzzzzzz
counter: 0000004e
WARNING: File descriptor (-1) passed to $fdisplay in file E:/Works/com_labs/lab1/lab1.srcs/sim_1/new/lab1_tb.v at line 50 is not valid.
led_o	 1zzzzzzzzzzzzzzz
counter: 0000004f
WARNING: File descriptor (-1) passed to $fdisplay in file E:/Works/com_labs/lab1/lab1.srcs/sim_1/new/lab1_tb.v at line 50 is not valid.
led_o	 0zzzzzzzzzzzzzzz
counter: 00000050
WARNING: File descriptor (-1) passed to $fdisplay in file E:/Works/com_labs/lab1/lab1.srcs/sim_1/new/lab1_tb.v at line 50 is not valid.
led_o	 1zzzzzzzzzzzzzzz
counter: 00000051
WARNING: File descriptor (-1) passed to $fdisplay in file E:/Works/com_labs/lab1/lab1.srcs/sim_1/new/lab1_tb.v at line 50 is not valid.
led_o	 0zzzzzzzzzzzzzzz
counter: 00000052
WARNING: File descriptor (-1) passed to $fdisplay in file E:/Works/com_labs/lab1/lab1.srcs/sim_1/new/lab1_tb.v at line 50 is not valid.
led_o	 1zzzzzzzzzzzzzzz
counter: 00000053
WARNING: File descriptor (-1) passed to $fdisplay in file E:/Works/com_labs/lab1/lab1.srcs/sim_1/new/lab1_tb.v at line 50 is not valid.
led_o	 0zzzzzzzzzzzzzzz
counter: 00000054
WARNING: File descriptor (-1) passed to $fdisplay in file E:/Works/com_labs/lab1/lab1.srcs/sim_1/new/lab1_tb.v at line 50 is not valid.
led_o	 1zzzzzzzzzzzzzzz
counter: 00000055
WARNING: File descriptor (-1) passed to $fdisplay in file E:/Works/com_labs/lab1/lab1.srcs/sim_1/new/lab1_tb.v at line 50 is not valid.
led_o	 0zzzzzzzzzzzzzzz
counter: 00000056
WARNING: File descriptor (-1) passed to $fdisplay in file E:/Works/com_labs/lab1/lab1.srcs/sim_1/new/lab1_tb.v at line 50 is not valid.
led_o	 1zzzzzzzzzzzzzzz
counter: 00000057
WARNING: File descriptor (-1) passed to $fdisplay in file E:/Works/com_labs/lab1/lab1.srcs/sim_1/new/lab1_tb.v at line 50 is not valid.
led_o	 0zzzzzzzzzzzzzzz
counter: 00000058
WARNING: File descriptor (-1) passed to $fdisplay in file E:/Works/com_labs/lab1/lab1.srcs/sim_1/new/lab1_tb.v at line 50 is not valid.
led_o	 1zzzzzzzzzzzzzzz
counter: 00000059
WARNING: File descriptor (-1) passed to $fdisplay in file E:/Works/com_labs/lab1/lab1.srcs/sim_1/new/lab1_tb.v at line 50 is not valid.
led_o	 0zzzzzzzzzzzzzzz
counter: 0000005a
WARNING: File descriptor (-1) passed to $fdisplay in file E:/Works/com_labs/lab1/lab1.srcs/sim_1/new/lab1_tb.v at line 50 is not valid.
led_o	 1zzzzzzzzzzzzzzz
counter: 0000005b
WARNING: File descriptor (-1) passed to $fdisplay in file E:/Works/com_labs/lab1/lab1.srcs/sim_1/new/lab1_tb.v at line 50 is not valid.
led_o	 0zzzzzzzzzzzzzzz
counter: 0000005c
WARNING: File descriptor (-1) passed to $fdisplay in file E:/Works/com_labs/lab1/lab1.srcs/sim_1/new/lab1_tb.v at line 50 is not valid.
led_o	 1zzzzzzzzzzzzzzz
counter: 0000005d
WARNING: File descriptor (-1) passed to $fdisplay in file E:/Works/com_labs/lab1/lab1.srcs/sim_1/new/lab1_tb.v at line 50 is not valid.
led_o	 0zzzzzzzzzzzzzzz
counter: 0000005e
WARNING: File descriptor (-1) passed to $fdisplay in file E:/Works/com_labs/lab1/lab1.srcs/sim_1/new/lab1_tb.v at line 50 is not valid.
led_o	 1zzzzzzzzzzzzzzz
counter: 0000005f
WARNING: File descriptor (-1) passed to $fdisplay in file E:/Works/com_labs/lab1/lab1.srcs/sim_1/new/lab1_tb.v at line 50 is not valid.
led_o	 0zzzzzzzzzzzzzzz
counter: 00000060
WARNING: File descriptor (-1) passed to $fdisplay in file E:/Works/com_labs/lab1/lab1.srcs/sim_1/new/lab1_tb.v at line 50 is not valid.
led_o	 1zzzzzzzzzzzzzzz
counter: 00000061
WARNING: File descriptor (-1) passed to $fdisplay in file E:/Works/com_labs/lab1/lab1.srcs/sim_1/new/lab1_tb.v at line 50 is not valid.
led_o	 0zzzzzzzzzzzzzzz
counter: 00000062
WARNING: File descriptor (-1) passed to $fdisplay in file E:/Works/com_labs/lab1/lab1.srcs/sim_1/new/lab1_tb.v at line 50 is not valid.
led_o	 1zzzzzzzzzzzzzzz
counter: 00000063
WARNING: File descriptor (-1) passed to $fdisplay in file E:/Works/com_labs/lab1/lab1.srcs/sim_1/new/lab1_tb.v at line 50 is not valid.
led_o	 0zzzzzzzzzzzzzzz
counter: 00000064
WARNING: File descriptor (-1) passed to $fdisplay in file E:/Works/com_labs/lab1/lab1.srcs/sim_1/new/lab1_tb.v at line 50 is not valid.
led_o	 1zzzzzzzzzzzzzzz
counter: 00000065
WARNING: File descriptor (-1) passed to $fdisplay in file E:/Works/com_labs/lab1/lab1.srcs/sim_1/new/lab1_tb.v at line 50 is not valid.
led_o	 0zzzzzzzzzzzzzzz
counter: 00000066
WARNING: File descriptor (-1) passed to $fdisplay in file E:/Works/com_labs/lab1/lab1.srcs/sim_1/new/lab1_tb.v at line 50 is not valid.
led_o	 1zzzzzzzzzzzzzzz
counter: 00000067
WARNING: File descriptor (-1) passed to $fdisplay in file E:/Works/com_labs/lab1/lab1.srcs/sim_1/new/lab1_tb.v at line 50 is not valid.
led_o	 0zzzzzzzzzzzzzzz
counter: 00000068
Stopped at time : 0 fs : File "E:/Works/com_labs/lab1/lab1.srcs/sources_1/new/lab1.v" Line 30
WARNING: File descriptor (-1) passed to $fdisplay in file E:/Works/com_labs/lab1/lab1.srcs/sim_1/new/lab1_tb.v at line 50 is not valid.
led_o	 1zzzzzzzzzzzzzzz
counter: 00000000
WARNING: File descriptor (-1) passed to $fdisplay in file E:/Works/com_labs/lab1/lab1.srcs/sim_1/new/lab1_tb.v at line 50 is not valid.
led_o	 1zzzzzzzzzzzzzzz
counter: 00000001
WARNING: File descriptor (-1) passed to $fdisplay in file E:/Works/com_labs/lab1/lab1.srcs/sim_1/new/lab1_tb.v at line 50 is not valid.
led_o	 0zzzzzzzzzzzzzzz
counter: 00000002
WARNING: File descriptor (-1) passed to $fdisplay in file E:/Works/com_labs/lab1/lab1.srcs/sim_1/new/lab1_tb.v at line 50 is not valid.
led_o	 1zzzzzzzzzzzzzzz
counter: 00000003
WARNING: File descriptor (-1) passed to $fdisplay in file E:/Works/com_labs/lab1/lab1.srcs/sim_1/new/lab1_tb.v at line 50 is not valid.
led_o	 0zzzzzzzzzzzzzzz
counter: 00000004
WARNING: File descriptor (-1) passed to $fdisplay in file E:/Works/com_labs/lab1/lab1.srcs/sim_1/new/lab1_tb.v at line 50 is not valid.
led_o	 1zzzzzzzzzzzzzzz
counter: 00000005
WARNING: File descriptor (-1) passed to $fdisplay in file E:/Works/com_labs/lab1/lab1.srcs/sim_1/new/lab1_tb.v at line 50 is not valid.
led_o	 0zzzzzzzzzzzzzzz
counter: 00000006
WARNING: File descriptor (-1) passed to $fdisplay in file E:/Works/com_labs/lab1/lab1.srcs/sim_1/new/lab1_tb.v at line 50 is not valid.
led_o	 1zzzzzzzzzzzzzzz
counter: 00000007
WARNING: File descriptor (-1) passed to $fdisplay in file E:/Works/com_labs/lab1/lab1.srcs/sim_1/new/lab1_tb.v at line 50 is not valid.
led_o	 0zzzzzzzzzzzzzzz
counter: 00000008
WARNING: File descriptor (-1) passed to $fdisplay in file E:/Works/com_labs/lab1/lab1.srcs/sim_1/new/lab1_tb.v at line 50 is not valid.
led_o	 1zzzzzzzzzzzzzzz
counter: 00000009
WARNING: File descriptor (-1) passed to $fdisplay in file E:/Works/com_labs/lab1/lab1.srcs/sim_1/new/lab1_tb.v at line 50 is not valid.
led_o	 0zzzzzzzzzzzzzzz
counter: 0000000a
WARNING: File descriptor (-1) passed to $fdisplay in file E:/Works/com_labs/lab1/lab1.srcs/sim_1/new/lab1_tb.v at line 50 is not valid.
led_o	 1zzzzzzzzzzzzzzz
counter: 0000000b
WARNING: File descriptor (-1) passed to $fdisplay in file E:/Works/com_labs/lab1/lab1.srcs/sim_1/new/lab1_tb.v at line 50 is not valid.
led_o	 0zzzzzzzzzzzzzzz
counter: 0000000c
WARNING: File descriptor (-1) passed to $fdisplay in file E:/Works/com_labs/lab1/lab1.srcs/sim_1/new/lab1_tb.v at line 50 is not valid.
led_o	 1zzzzzzzzzzzzzzz
counter: 0000000d
WARNING: File descriptor (-1) passed to $fdisplay in file E:/Works/com_labs/lab1/lab1.srcs/sim_1/new/lab1_tb.v at line 50 is not valid.
led_o	 0zzzzzzzzzzzzzzz
counter: 0000000e
WARNING: File descriptor (-1) passed to $fdisplay in file E:/Works/com_labs/lab1/lab1.srcs/sim_1/new/lab1_tb.v at line 50 is not valid.
led_o	 1zzzzzzzzzzzzzzz
counter: 0000000f
WARNING: File descriptor (-1) passed to $fdisplay in file E:/Works/com_labs/lab1/lab1.srcs/sim_1/new/lab1_tb.v at line 50 is not valid.
led_o	 0zzzzzzzzzzzzzzz
counter: 00000010
WARNING: File descriptor (-1) passed to $fdisplay in file E:/Works/com_labs/lab1/lab1.srcs/sim_1/new/lab1_tb.v at line 50 is not valid.
led_o	 1zzzzzzzzzzzzzzz
counter: 00000011
WARNING: File descriptor (-1) passed to $fdisplay in file E:/Works/com_labs/lab1/lab1.srcs/sim_1/new/lab1_tb.v at line 50 is not valid.
led_o	 0zzzzzzzzzzzzzzz
counter: 00000012
WARNING: File descriptor (-1) passed to $fdisplay in file E:/Works/com_labs/lab1/lab1.srcs/sim_1/new/lab1_tb.v at line 50 is not valid.
led_o	 1zzzzzzzzzzzzzzz
counter: 00000013
WARNING: File descriptor (-1) passed to $fdisplay in file E:/Works/com_labs/lab1/lab1.srcs/sim_1/new/lab1_tb.v at line 50 is not valid.
led_o	 0zzzzzzzzzzzzzzz
counter: 00000014
WARNING: File descriptor (-1) passed to $fdisplay in file E:/Works/com_labs/lab1/lab1.srcs/sim_1/new/lab1_tb.v at line 50 is not valid.
led_o	 1zzzzzzzzzzzzzzz
counter: 00000015
WARNING: File descriptor (-1) passed to $fdisplay in file E:/Works/com_labs/lab1/lab1.srcs/sim_1/new/lab1_tb.v at line 50 is not valid.
led_o	 0zzzzzzzzzzzzzzz
counter: 00000016
WARNING: File descriptor (-1) passed to $fdisplay in file E:/Works/com_labs/lab1/lab1.srcs/sim_1/new/lab1_tb.v at line 50 is not valid.
led_o	 1zzzzzzzzzzzzzzz
counter: 00000017
WARNING: File descriptor (-1) passed to $fdisplay in file E:/Works/com_labs/lab1/lab1.srcs/sim_1/new/lab1_tb.v at line 50 is not valid.
led_o	 0zzzzzzzzzzzzzzz
counter: 00000018
WARNING: File descriptor (-1) passed to $fdisplay in file E:/Works/com_labs/lab1/lab1.srcs/sim_1/new/lab1_tb.v at line 50 is not valid.
led_o	 1zzzzzzzzzzzzzzz
counter: 00000019
WARNING: File descriptor (-1) passed to $fdisplay in file E:/Works/com_labs/lab1/lab1.srcs/sim_1/new/lab1_tb.v at line 50 is not valid.
led_o	 0zzzzzzzzzzzzzzz
counter: 0000001a
WARNING: File descriptor (-1) passed to $fdisplay in file E:/Works/com_labs/lab1/lab1.srcs/sim_1/new/lab1_tb.v at line 50 is not valid.
led_o	 1zzzzzzzzzzzzzzz
counter: 0000001b
WARNING: File descriptor (-1) passed to $fdisplay in file E:/Works/com_labs/lab1/lab1.srcs/sim_1/new/lab1_tb.v at line 50 is not valid.
led_o	 0zzzzzzzzzzzzzzz
counter: 0000001c
WARNING: File descriptor (-1) passed to $fdisplay in file E:/Works/com_labs/lab1/lab1.srcs/sim_1/new/lab1_tb.v at line 50 is not valid.
led_o	 1zzzzzzzzzzzzzzz
counter: 0000001d
WARNING: File descriptor (-1) passed to $fdisplay in file E:/Works/com_labs/lab1/lab1.srcs/sim_1/new/lab1_tb.v at line 50 is not valid.
led_o	 0zzzzzzzzzzzzzzz
counter: 0000001e
WARNING: File descriptor (-1) passed to $fdisplay in file E:/Works/com_labs/lab1/lab1.srcs/sim_1/new/lab1_tb.v at line 50 is not valid.
led_o	 1zzzzzzzzzzzzzzz
counter: 0000001f
WARNING: File descriptor (-1) passed to $fdisplay in file E:/Works/com_labs/lab1/lab1.srcs/sim_1/new/lab1_tb.v at line 50 is not valid.
led_o	 0zzzzzzzzzzzzzzz
counter: 00000020
WARNING: File descriptor (-1) passed to $fdisplay in file E:/Works/com_labs/lab1/lab1.srcs/sim_1/new/lab1_tb.v at line 50 is not valid.
led_o	 1zzzzzzzzzzzzzzz
counter: 00000021
WARNING: File descriptor (-1) passed to $fdisplay in file E:/Works/com_labs/lab1/lab1.srcs/sim_1/new/lab1_tb.v at line 50 is not valid.
led_o	 0zzzzzzzzzzzzzzz
counter: 00000022
WARNING: File descriptor (-1) passed to $fdisplay in file E:/Works/com_labs/lab1/lab1.srcs/sim_1/new/lab1_tb.v at line 50 is not valid.
led_o	 1zzzzzzzzzzzzzzz
counter: 00000023
WARNING: File descriptor (-1) passed to $fdisplay in file E:/Works/com_labs/lab1/lab1.srcs/sim_1/new/lab1_tb.v at line 50 is not valid.
led_o	 0zzzzzzzzzzzzzzz
counter: 00000024
WARNING: File descriptor (-1) passed to $fdisplay in file E:/Works/com_labs/lab1/lab1.srcs/sim_1/new/lab1_tb.v at line 50 is not valid.
led_o	 1zzzzzzzzzzzzzzz
counter: 00000025
WARNING: File descriptor (-1) passed to $fdisplay in file E:/Works/com_labs/lab1/lab1.srcs/sim_1/new/lab1_tb.v at line 50 is not valid.
led_o	 0zzzzzzzzzzzzzzz
counter: 00000026
WARNING: File descriptor (-1) passed to $fdisplay in file E:/Works/com_labs/lab1/lab1.srcs/sim_1/new/lab1_tb.v at line 50 is not valid.
led_o	 1zzzzzzzzzzzzzzz
counter: 00000027
WARNING: File descriptor (-1) passed to $fdisplay in file E:/Works/com_labs/lab1/lab1.srcs/sim_1/new/lab1_tb.v at line 50 is not valid.
led_o	 0zzzzzzzzzzzzzzz
counter: 00000028
WARNING: File descriptor (-1) passed to $fdisplay in file E:/Works/com_labs/lab1/lab1.srcs/sim_1/new/lab1_tb.v at line 50 is not valid.
led_o	 1zzzzzzzzzzzzzzz
counter: 00000029
WARNING: File descriptor (-1) passed to $fdisplay in file E:/Works/com_labs/lab1/lab1.srcs/sim_1/new/lab1_tb.v at line 50 is not valid.
led_o	 0zzzzzzzzzzzzzzz
counter: 0000002a
WARNING: File descriptor (-1) passed to $fdisplay in file E:/Works/com_labs/lab1/lab1.srcs/sim_1/new/lab1_tb.v at line 50 is not valid.
led_o	 1zzzzzzzzzzzzzzz
counter: 0000002b
WARNING: File descriptor (-1) passed to $fdisplay in file E:/Works/com_labs/lab1/lab1.srcs/sim_1/new/lab1_tb.v at line 50 is not valid.
led_o	 0zzzzzzzzzzzzzzz
counter: 0000002c
WARNING: File descriptor (-1) passed to $fdisplay in file E:/Works/com_labs/lab1/lab1.srcs/sim_1/new/lab1_tb.v at line 50 is not valid.
led_o	 1zzzzzzzzzzzzzzz
counter: 0000002d
WARNING: File descriptor (-1) passed to $fdisplay in file E:/Works/com_labs/lab1/lab1.srcs/sim_1/new/lab1_tb.v at line 50 is not valid.
led_o	 0zzzzzzzzzzzzzzz
counter: 0000002e
WARNING: File descriptor (-1) passed to $fdisplay in file E:/Works/com_labs/lab1/lab1.srcs/sim_1/new/lab1_tb.v at line 50 is not valid.
led_o	 1zzzzzzzzzzzzzzz
counter: 0000002f
WARNING: File descriptor (-1) passed to $fdisplay in file E:/Works/com_labs/lab1/lab1.srcs/sim_1/new/lab1_tb.v at line 50 is not valid.
led_o	 0zzzzzzzzzzzzzzz
counter: 00000030
WARNING: File descriptor (-1) passed to $fdisplay in file E:/Works/com_labs/lab1/lab1.srcs/sim_1/new/lab1_tb.v at line 50 is not valid.
led_o	 1zzzzzzzzzzzzzzz
counter: 00000031
WARNING: File descriptor (-1) passed to $fdisplay in file E:/Works/com_labs/lab1/lab1.srcs/sim_1/new/lab1_tb.v at line 50 is not valid.
led_o	 0zzzzzzzzzzzzzzz
counter: 00000032
WARNING: File descriptor (-1) passed to $fdisplay in file E:/Works/com_labs/lab1/lab1.srcs/sim_1/new/lab1_tb.v at line 50 is not valid.
led_o	 1zzzzzzzzzzzzzzz
counter: 00000033
WARNING: File descriptor (-1) passed to $fdisplay in file E:/Works/com_labs/lab1/lab1.srcs/sim_1/new/lab1_tb.v at line 50 is not valid.
led_o	 0zzzzzzzzzzzzzzz
counter: 00000034
WARNING: File descriptor (-1) passed to $fdisplay in file E:/Works/com_labs/lab1/lab1.srcs/sim_1/new/lab1_tb.v at line 50 is not valid.
led_o	 1zzzzzzzzzzzzzzz
counter: 00000035
WARNING: File descriptor (-1) passed to $fdisplay in file E:/Works/com_labs/lab1/lab1.srcs/sim_1/new/lab1_tb.v at line 50 is not valid.
led_o	 0zzzzzzzzzzzzzzz
counter: 00000036
WARNING: File descriptor (-1) passed to $fdisplay in file E:/Works/com_labs/lab1/lab1.srcs/sim_1/new/lab1_tb.v at line 50 is not valid.
led_o	 1zzzzzzzzzzzzzzz
counter: 00000037
WARNING: File descriptor (-1) passed to $fdisplay in file E:/Works/com_labs/lab1/lab1.srcs/sim_1/new/lab1_tb.v at line 50 is not valid.
led_o	 0zzzzzzzzzzzzzzz
counter: 00000038
WARNING: File descriptor (-1) passed to $fdisplay in file E:/Works/com_labs/lab1/lab1.srcs/sim_1/new/lab1_tb.v at line 50 is not valid.
led_o	 1zzzzzzzzzzzzzzz
counter: 00000039
WARNING: File descriptor (-1) passed to $fdisplay in file E:/Works/com_labs/lab1/lab1.srcs/sim_1/new/lab1_tb.v at line 50 is not valid.
led_o	 0zzzzzzzzzzzzzzz
counter: 0000003a
WARNING: File descriptor (-1) passed to $fdisplay in file E:/Works/com_labs/lab1/lab1.srcs/sim_1/new/lab1_tb.v at line 50 is not valid.
led_o	 1zzzzzzzzzzzzzzz
counter: 0000003b
WARNING: File descriptor (-1) passed to $fdisplay in file E:/Works/com_labs/lab1/lab1.srcs/sim_1/new/lab1_tb.v at line 50 is not valid.
led_o	 0zzzzzzzzzzzzzzz
counter: 0000003c
WARNING: File descriptor (-1) passed to $fdisplay in file E:/Works/com_labs/lab1/lab1.srcs/sim_1/new/lab1_tb.v at line 50 is not valid.
led_o	 1zzzzzzzzzzzzzzz
counter: 0000003d
WARNING: File descriptor (-1) passed to $fdisplay in file E:/Works/com_labs/lab1/lab1.srcs/sim_1/new/lab1_tb.v at line 50 is not valid.
led_o	 0zzzzzzzzzzzzzzz
counter: 0000003e
WARNING: File descriptor (-1) passed to $fdisplay in file E:/Works/com_labs/lab1/lab1.srcs/sim_1/new/lab1_tb.v at line 50 is not valid.
led_o	 1zzzzzzzzzzzzzzz
counter: 0000003f
WARNING: File descriptor (-1) passed to $fdisplay in file E:/Works/com_labs/lab1/lab1.srcs/sim_1/new/lab1_tb.v at line 50 is not valid.
led_o	 0zzzzzzzzzzzzzzz
counter: 00000040
WARNING: File descriptor (-1) passed to $fdisplay in file E:/Works/com_labs/lab1/lab1.srcs/sim_1/new/lab1_tb.v at line 50 is not valid.
led_o	 1zzzzzzzzzzzzzzz
counter: 00000041
WARNING: File descriptor (-1) passed to $fdisplay in file E:/Works/com_labs/lab1/lab1.srcs/sim_1/new/lab1_tb.v at line 50 is not valid.
led_o	 0zzzzzzzzzzzzzzz
counter: 00000042
WARNING: File descriptor (-1) passed to $fdisplay in file E:/Works/com_labs/lab1/lab1.srcs/sim_1/new/lab1_tb.v at line 50 is not valid.
led_o	 1zzzzzzzzzzzzzzz
counter: 00000043
WARNING: File descriptor (-1) passed to $fdisplay in file E:/Works/com_labs/lab1/lab1.srcs/sim_1/new/lab1_tb.v at line 50 is not valid.
led_o	 0zzzzzzzzzzzzzzz
counter: 00000044
WARNING: File descriptor (-1) passed to $fdisplay in file E:/Works/com_labs/lab1/lab1.srcs/sim_1/new/lab1_tb.v at line 50 is not valid.
led_o	 1zzzzzzzzzzzzzzz
counter: 00000045
WARNING: File descriptor (-1) passed to $fdisplay in file E:/Works/com_labs/lab1/lab1.srcs/sim_1/new/lab1_tb.v at line 50 is not valid.
led_o	 0zzzzzzzzzzzzzzz
counter: 00000046
WARNING: File descriptor (-1) passed to $fdisplay in file E:/Works/com_labs/lab1/lab1.srcs/sim_1/new/lab1_tb.v at line 50 is not valid.
led_o	 1zzzzzzzzzzzzzzz
counter: 00000047
WARNING: File descriptor (-1) passed to $fdisplay in file E:/Works/com_labs/lab1/lab1.srcs/sim_1/new/lab1_tb.v at line 50 is not valid.
led_o	 0zzzzzzzzzzzzzzz
counter: 00000048
WARNING: File descriptor (-1) passed to $fdisplay in file E:/Works/com_labs/lab1/lab1.srcs/sim_1/new/lab1_tb.v at line 50 is not valid.
led_o	 1zzzzzzzzzzzzzzz
counter: 00000049
WARNING: File descriptor (-1) passed to $fdisplay in file E:/Works/com_labs/lab1/lab1.srcs/sim_1/new/lab1_tb.v at line 50 is not valid.
led_o	 0zzzzzzzzzzzzzzz
counter: 0000004a
WARNING: File descriptor (-1) passed to $fdisplay in file E:/Works/com_labs/lab1/lab1.srcs/sim_1/new/lab1_tb.v at line 50 is not valid.
led_o	 1zzzzzzzzzzzzzzz
counter: 0000004b
WARNING: File descriptor (-1) passed to $fdisplay in file E:/Works/com_labs/lab1/lab1.srcs/sim_1/new/lab1_tb.v at line 50 is not valid.
led_o	 0zzzzzzzzzzzzzzz
counter: 0000004c
WARNING: File descriptor (-1) passed to $fdisplay in file E:/Works/com_labs/lab1/lab1.srcs/sim_1/new/lab1_tb.v at line 50 is not valid.
led_o	 1zzzzzzzzzzzzzzz
counter: 0000004d
WARNING: File descriptor (-1) passed to $fdisplay in file E:/Works/com_labs/lab1/lab1.srcs/sim_1/new/lab1_tb.v at line 50 is not valid.
led_o	 0zzzzzzzzzzzzzzz
counter: 0000004e
WARNING: File descriptor (-1) passed to $fdisplay in file E:/Works/com_labs/lab1/lab1.srcs/sim_1/new/lab1_tb.v at line 50 is not valid.
led_o	 1zzzzzzzzzzzzzzz
counter: 0000004f
WARNING: File descriptor (-1) passed to $fdisplay in file E:/Works/com_labs/lab1/lab1.srcs/sim_1/new/lab1_tb.v at line 50 is not valid.
led_o	 0zzzzzzzzzzzzzzz
counter: 00000050
WARNING: File descriptor (-1) passed to $fdisplay in file E:/Works/com_labs/lab1/lab1.srcs/sim_1/new/lab1_tb.v at line 50 is not valid.
led_o	 1zzzzzzzzzzzzzzz
counter: 00000051
WARNING: File descriptor (-1) passed to $fdisplay in file E:/Works/com_labs/lab1/lab1.srcs/sim_1/new/lab1_tb.v at line 50 is not valid.
led_o	 0zzzzzzzzzzzzzzz
counter: 00000052
WARNING: File descriptor (-1) passed to $fdisplay in file E:/Works/com_labs/lab1/lab1.srcs/sim_1/new/lab1_tb.v at line 50 is not valid.
led_o	 1zzzzzzzzzzzzzzz
counter: 00000053
WARNING: File descriptor (-1) passed to $fdisplay in file E:/Works/com_labs/lab1/lab1.srcs/sim_1/new/lab1_tb.v at line 50 is not valid.
led_o	 0zzzzzzzzzzzzzzz
counter: 00000054
WARNING: File descriptor (-1) passed to $fdisplay in file E:/Works/com_labs/lab1/lab1.srcs/sim_1/new/lab1_tb.v at line 50 is not valid.
led_o	 1zzzzzzzzzzzzzzz
counter: 00000055
WARNING: File descriptor (-1) passed to $fdisplay in file E:/Works/com_labs/lab1/lab1.srcs/sim_1/new/lab1_tb.v at line 50 is not valid.
led_o	 0zzzzzzzzzzzzzzz
counter: 00000056
WARNING: File descriptor (-1) passed to $fdisplay in file E:/Works/com_labs/lab1/lab1.srcs/sim_1/new/lab1_tb.v at line 50 is not valid.
led_o	 1zzzzzzzzzzzzzzz
counter: 00000057
WARNING: File descriptor (-1) passed to $fdisplay in file E:/Works/com_labs/lab1/lab1.srcs/sim_1/new/lab1_tb.v at line 50 is not valid.
led_o	 0zzzzzzzzzzzzzzz
counter: 00000058
WARNING: File descriptor (-1) passed to $fdisplay in file E:/Works/com_labs/lab1/lab1.srcs/sim_1/new/lab1_tb.v at line 50 is not valid.
led_o	 1zzzzzzzzzzzzzzz
counter: 00000059
WARNING: File descriptor (-1) passed to $fdisplay in file E:/Works/com_labs/lab1/lab1.srcs/sim_1/new/lab1_tb.v at line 50 is not valid.
led_o	 0zzzzzzzzzzzzzzz
counter: 0000005a
WARNING: File descriptor (-1) passed to $fdisplay in file E:/Works/com_labs/lab1/lab1.srcs/sim_1/new/lab1_tb.v at line 50 is not valid.
led_o	 1zzzzzzzzzzzzzzz
counter: 0000005b
WARNING: File descriptor (-1) passed to $fdisplay in file E:/Works/com_labs/lab1/lab1.srcs/sim_1/new/lab1_tb.v at line 50 is not valid.
led_o	 0zzzzzzzzzzzzzzz
counter: 0000005c
WARNING: File descriptor (-1) passed to $fdisplay in file E:/Works/com_labs/lab1/lab1.srcs/sim_1/new/lab1_tb.v at line 50 is not valid.
led_o	 1zzzzzzzzzzzzzzz
counter: 0000005d
WARNING: File descriptor (-1) passed to $fdisplay in file E:/Works/com_labs/lab1/lab1.srcs/sim_1/new/lab1_tb.v at line 50 is not valid.
led_o	 0zzzzzzzzzzzzzzz
counter: 0000005e
WARNING: File descriptor (-1) passed to $fdisplay in file E:/Works/com_labs/lab1/lab1.srcs/sim_1/new/lab1_tb.v at line 50 is not valid.
led_o	 1zzzzzzzzzzzzzzz
counter: 0000005f
WARNING: File descriptor (-1) passed to $fdisplay in file E:/Works/com_labs/lab1/lab1.srcs/sim_1/new/lab1_tb.v at line 50 is not valid.
led_o	 0zzzzzzzzzzzzzzz
counter: 00000060
WARNING: File descriptor (-1) passed to $fdisplay in file E:/Works/com_labs/lab1/lab1.srcs/sim_1/new/lab1_tb.v at line 50 is not valid.
led_o	 1zzzzzzzzzzzzzzz
counter: 00000061
WARNING: File descriptor (-1) passed to $fdisplay in file E:/Works/com_labs/lab1/lab1.srcs/sim_1/new/lab1_tb.v at line 50 is not valid.
led_o	 0zzzzzzzzzzzzzzz
counter: 00000062
WARNING: File descriptor (-1) passed to $fdisplay in file E:/Works/com_labs/lab1/lab1.srcs/sim_1/new/lab1_tb.v at line 50 is not valid.
led_o	 1zzzzzzzzzzzzzzz
counter: 00000063
WARNING: File descriptor (-1) passed to $fdisplay in file E:/Works/com_labs/lab1/lab1.srcs/sim_1/new/lab1_tb.v at line 50 is not valid.
led_o	 0zzzzzzzzzzzzzzz
counter: 00000064
