
*** Running vivado
    with args -log lab3.vds -m64 -product Vivado -mode batch -messageDb vivado.pb -notrace -source lab3.tcl


****** Vivado v2018.3 (64-bit)
  **** SW Build 2405991 on Thu Dec  6 23:38:27 MST 2018
  **** IP Build 2404404 on Fri Dec  7 01:43:56 MST 2018
    ** Copyright 1986-2018 Xilinx, Inc. All Rights Reserved.

source lab3.tcl -notrace
Command: synth_design -top lab3 -part xc7a100tcsg324-1
Starting synth_design
Attempting to get a license for feature 'Synthesis' and/or device 'xc7a100t'
INFO: [Common 17-349] Got license for feature 'Synthesis' and/or device 'xc7a100t'
INFO: Launching helper process for spawning children vivado processes
INFO: Helper process launched with PID 22692 
---------------------------------------------------------------------------------
Starting RTL Elaboration : Time (s): cpu = 00:00:00 ; elapsed = 00:00:01 . Memory (MB): peak = 372.305 ; gain = 100.242
---------------------------------------------------------------------------------
INFO: [Synth 8-6157] synthesizing module 'lab3' [E:/Works/com_labs/lab3_seg7/lab3_seg7.srcs/sources_1/new/lab3.v:23]
INFO: [Synth 8-6157] synthesizing module 'seg7x16' [E:/Works/com_labs/lab3_seg7/lab3_seg7.srcs/sources_1/new/seg7x16.v:23]
INFO: [Synth 8-155] case statement is not full and has no default [E:/Works/com_labs/lab3_seg7/lab3_seg7.srcs/sources_1/new/seg7x16.v:86]
INFO: [Synth 8-6155] done synthesizing module 'seg7x16' (1#1) [E:/Works/com_labs/lab3_seg7/lab3_seg7.srcs/sources_1/new/seg7x16.v:23]
WARNING: [Synth 8-6104] Input port 'disp_seg_o' has an internal driver [E:/Works/com_labs/lab3_seg7/lab3_seg7.srcs/sources_1/new/lab3.v:36]
WARNING: [Synth 8-6104] Input port 'disp_an_o' has an internal driver [E:/Works/com_labs/lab3_seg7/lab3_seg7.srcs/sources_1/new/lab3.v:37]
INFO: [Synth 8-6155] done synthesizing module 'lab3' (2#1) [E:/Works/com_labs/lab3_seg7/lab3_seg7.srcs/sources_1/new/lab3.v:23]
---------------------------------------------------------------------------------
Finished RTL Elaboration : Time (s): cpu = 00:00:01 ; elapsed = 00:00:02 . Memory (MB): peak = 427.891 ; gain = 155.828
---------------------------------------------------------------------------------

Report Check Netlist: 
+------+------------------+-------+---------+-------+------------------+
|      |Item              |Errors |Warnings |Status |Description       |
+------+------------------+-------+---------+-------+------------------+
|1     |multi_driven_nets |      0|        0|Passed |Multi driven nets |
+------+------------------+-------+---------+-------+------------------+
---------------------------------------------------------------------------------
Start Handling Custom Attributes
---------------------------------------------------------------------------------
---------------------------------------------------------------------------------
Finished Handling Custom Attributes : Time (s): cpu = 00:00:01 ; elapsed = 00:00:02 . Memory (MB): peak = 427.891 ; gain = 155.828
---------------------------------------------------------------------------------
---------------------------------------------------------------------------------
Finished RTL Optimization Phase 1 : Time (s): cpu = 00:00:01 ; elapsed = 00:00:02 . Memory (MB): peak = 427.891 ; gain = 155.828
---------------------------------------------------------------------------------
INFO: [Device 21-403] Loading part xc7a100tcsg324-1
INFO: [Project 1-570] Preparing netlist for logic optimization

Processing XDC Constraints
Initializing timing engine
Parsing XDC File [E:/Works/com_labs/icf.xdc]
WARNING: [Vivado 12-507] No nets matched 'sw_i_IBUF[15]'. [E:/Works/com_labs/icf.xdc:5]
CRITICAL WARNING: [Common 17-55] 'set_property' expects at least one object. [E:/Works/com_labs/icf.xdc:5]
Resolution: If [get_<value>] was used to populate the object, check to make sure this command returns at least one valid object.
WARNING: [Vivado 12-507] No nets matched 'BTNC_IBUF'. [E:/Works/com_labs/icf.xdc:6]
CRITICAL WARNING: [Common 17-55] 'set_property' expects at least one object. [E:/Works/com_labs/icf.xdc:6]
Resolution: If [get_<value>] was used to populate the object, check to make sure this command returns at least one valid object.
WARNING: [Vivado 12-584] No ports matched 'sw_i[0]'. [E:/Works/com_labs/icf.xdc:28]
CRITICAL WARNING: [Common 17-55] 'set_property' expects at least one object. [E:/Works/com_labs/icf.xdc:28]
Resolution: If [get_<value>] was used to populate the object, check to make sure this command returns at least one valid object.
WARNING: [Vivado 12-584] No ports matched 'sw_i[1]'. [E:/Works/com_labs/icf.xdc:29]
CRITICAL WARNING: [Common 17-55] 'set_property' expects at least one object. [E:/Works/com_labs/icf.xdc:29]
Resolution: If [get_<value>] was used to populate the object, check to make sure this command returns at least one valid object.
WARNING: [Vivado 12-584] No ports matched 'sw_i[2]'. [E:/Works/com_labs/icf.xdc:30]
CRITICAL WARNING: [Common 17-55] 'set_property' expects at least one object. [E:/Works/com_labs/icf.xdc:30]
Resolution: If [get_<value>] was used to populate the object, check to make sure this command returns at least one valid object.
WARNING: [Vivado 12-584] No ports matched 'sw_i[3]'. [E:/Works/com_labs/icf.xdc:31]
CRITICAL WARNING: [Common 17-55] 'set_property' expects at least one object. [E:/Works/com_labs/icf.xdc:31]
Resolution: If [get_<value>] was used to populate the object, check to make sure this command returns at least one valid object.
WARNING: [Vivado 12-584] No ports matched 'sw_i[4]'. [E:/Works/com_labs/icf.xdc:32]
CRITICAL WARNING: [Common 17-55] 'set_property' expects at least one object. [E:/Works/com_labs/icf.xdc:32]
Resolution: If [get_<value>] was used to populate the object, check to make sure this command returns at least one valid object.
WARNING: [Vivado 12-584] No ports matched 'sw_i[5]'. [E:/Works/com_labs/icf.xdc:33]
CRITICAL WARNING: [Common 17-55] 'set_property' expects at least one object. [E:/Works/com_labs/icf.xdc:33]
Resolution: If [get_<value>] was used to populate the object, check to make sure this command returns at least one valid object.
WARNING: [Vivado 12-584] No ports matched 'sw_i[6]'. [E:/Works/com_labs/icf.xdc:34]
CRITICAL WARNING: [Common 17-55] 'set_property' expects at least one object. [E:/Works/com_labs/icf.xdc:34]
Resolution: If [get_<value>] was used to populate the object, check to make sure this command returns at least one valid object.
WARNING: [Vivado 12-584] No ports matched 'sw_i[7]'. [E:/Works/com_labs/icf.xdc:35]
CRITICAL WARNING: [Common 17-55] 'set_property' expects at least one object. [E:/Works/com_labs/icf.xdc:35]
Resolution: If [get_<value>] was used to populate the object, check to make sure this command returns at least one valid object.
WARNING: [Vivado 12-584] No ports matched 'sw_i[8]'. [E:/Works/com_labs/icf.xdc:36]
CRITICAL WARNING: [Common 17-55] 'set_property' expects at least one object. [E:/Works/com_labs/icf.xdc:36]
Resolution: If [get_<value>] was used to populate the object, check to make sure this command returns at least one valid object.
WARNING: [Vivado 12-584] No ports matched 'sw_i[9]'. [E:/Works/com_labs/icf.xdc:37]
CRITICAL WARNING: [Common 17-55] 'set_property' expects at least one object. [E:/Works/com_labs/icf.xdc:37]
Resolution: If [get_<value>] was used to populate the object, check to make sure this command returns at least one valid object.
WARNING: [Vivado 12-584] No ports matched 'sw_i[10]'. [E:/Works/com_labs/icf.xdc:38]
CRITICAL WARNING: [Common 17-55] 'set_property' expects at least one object. [E:/Works/com_labs/icf.xdc:38]
Resolution: If [get_<value>] was used to populate the object, check to make sure this command returns at least one valid object.
WARNING: [Vivado 12-584] No ports matched 'sw_i[11]'. [E:/Works/com_labs/icf.xdc:39]
CRITICAL WARNING: [Common 17-55] 'set_property' expects at least one object. [E:/Works/com_labs/icf.xdc:39]
Resolution: If [get_<value>] was used to populate the object, check to make sure this command returns at least one valid object.
WARNING: [Vivado 12-584] No ports matched 'sw_i[12]'. [E:/Works/com_labs/icf.xdc:40]
CRITICAL WARNING: [Common 17-55] 'set_property' expects at least one object. [E:/Works/com_labs/icf.xdc:40]
Resolution: If [get_<value>] was used to populate the object, check to make sure this command returns at least one valid object.
WARNING: [Vivado 12-584] No ports matched 'sw_i[13]'. [E:/Works/com_labs/icf.xdc:41]
CRITICAL WARNING: [Common 17-55] 'set_property' expects at least one object. [E:/Works/com_labs/icf.xdc:41]
Resolution: If [get_<value>] was used to populate the object, check to make sure this command returns at least one valid object.
WARNING: [Vivado 12-584] No ports matched 'sw_i[14]'. [E:/Works/com_labs/icf.xdc:42]
CRITICAL WARNING: [Common 17-55] 'set_property' expects at least one object. [E:/Works/com_labs/icf.xdc:42]
Resolution: If [get_<value>] was used to populate the object, check to make sure this command returns at least one valid object.
WARNING: [Vivado 12-584] No ports matched 'sw_i[15]'. [E:/Works/com_labs/icf.xdc:43]
CRITICAL WARNING: [Common 17-55] 'set_property' expects at least one object. [E:/Works/com_labs/icf.xdc:43]
Resolution: If [get_<value>] was used to populate the object, check to make sure this command returns at least one valid object.
WARNING: [Vivado 12-584] No ports matched 'led_o[0]'. [E:/Works/com_labs/icf.xdc:47]
CRITICAL WARNING: [Common 17-55] 'set_property' expects at least one object. [E:/Works/com_labs/icf.xdc:47]
Resolution: If [get_<value>] was used to populate the object, check to make sure this command returns at least one valid object.
WARNING: [Vivado 12-584] No ports matched 'led_o[1]'. [E:/Works/com_labs/icf.xdc:48]
CRITICAL WARNING: [Common 17-55] 'set_property' expects at least one object. [E:/Works/com_labs/icf.xdc:48]
Resolution: If [get_<value>] was used to populate the object, check to make sure this command returns at least one valid object.
WARNING: [Vivado 12-584] No ports matched 'led_o[2]'. [E:/Works/com_labs/icf.xdc:49]
CRITICAL WARNING: [Common 17-55] 'set_property' expects at least one object. [E:/Works/com_labs/icf.xdc:49]
Resolution: If [get_<value>] was used to populate the object, check to make sure this command returns at least one valid object.
WARNING: [Vivado 12-584] No ports matched 'led_o[3]'. [E:/Works/com_labs/icf.xdc:50]
CRITICAL WARNING: [Common 17-55] 'set_property' expects at least one object. [E:/Works/com_labs/icf.xdc:50]
Resolution: If [get_<value>] was used to populate the object, check to make sure this command returns at least one valid object.
WARNING: [Vivado 12-584] No ports matched 'led_o[4]'. [E:/Works/com_labs/icf.xdc:51]
CRITICAL WARNING: [Common 17-55] 'set_property' expects at least one object. [E:/Works/com_labs/icf.xdc:51]
Resolution: If [get_<value>] was used to populate the object, check to make sure this command returns at least one valid object.
WARNING: [Vivado 12-584] No ports matched 'led_o[5]'. [E:/Works/com_labs/icf.xdc:52]
CRITICAL WARNING: [Common 17-55] 'set_property' expects at least one object. [E:/Works/com_labs/icf.xdc:52]
Resolution: If [get_<value>] was used to populate the object, check to make sure this command returns at least one valid object.
WARNING: [Vivado 12-584] No ports matched 'led_o[6]'. [E:/Works/com_labs/icf.xdc:53]
CRITICAL WARNING: [Common 17-55] 'set_property' expects at least one object. [E:/Works/com_labs/icf.xdc:53]
Resolution: If [get_<value>] was used to populate the object, check to make sure this command returns at least one valid object.
WARNING: [Vivado 12-584] No ports matched 'led_o[7]'. [E:/Works/com_labs/icf.xdc:54]
CRITICAL WARNING: [Common 17-55] 'set_property' expects at least one object. [E:/Works/com_labs/icf.xdc:54]
Resolution: If [get_<value>] was used to populate the object, check to make sure this command returns at least one valid object.
WARNING: [Vivado 12-584] No ports matched 'led_o[8]'. [E:/Works/com_labs/icf.xdc:55]
CRITICAL WARNING: [Common 17-55] 'set_property' expects at least one object. [E:/Works/com_labs/icf.xdc:55]
Resolution: If [get_<value>] was used to populate the object, check to make sure this command returns at least one valid object.
WARNING: [Vivado 12-584] No ports matched 'led_o[9]'. [E:/Works/com_labs/icf.xdc:56]
CRITICAL WARNING: [Common 17-55] 'set_property' expects at least one object. [E:/Works/com_labs/icf.xdc:56]
Resolution: If [get_<value>] was used to populate the object, check to make sure this command returns at least one valid object.
WARNING: [Vivado 12-584] No ports matched 'led_o[10]'. [E:/Works/com_labs/icf.xdc:57]
CRITICAL WARNING: [Common 17-55] 'set_property' expects at least one object. [E:/Works/com_labs/icf.xdc:57]
Resolution: If [get_<value>] was used to populate the object, check to make sure this command returns at least one valid object.
WARNING: [Vivado 12-584] No ports matched 'led_o[11]'. [E:/Works/com_labs/icf.xdc:58]
CRITICAL WARNING: [Common 17-55] 'set_property' expects at least one object. [E:/Works/com_labs/icf.xdc:58]
Resolution: If [get_<value>] was used to populate the object, check to make sure this command returns at least one valid object.
WARNING: [Vivado 12-584] No ports matched 'led_o[12]'. [E:/Works/com_labs/icf.xdc:59]
CRITICAL WARNING: [Common 17-55] 'set_property' expects at least one object. [E:/Works/com_labs/icf.xdc:59]
Resolution: If [get_<value>] was used to populate the object, check to make sure this command returns at least one valid object.
WARNING: [Vivado 12-584] No ports matched 'led_o[13]'. [E:/Works/com_labs/icf.xdc:60]
CRITICAL WARNING: [Common 17-55] 'set_property' expects at least one object. [E:/Works/com_labs/icf.xdc:60]
Resolution: If [get_<value>] was used to populate the object, check to make sure this command returns at least one valid object.
WARNING: [Vivado 12-584] No ports matched 'led_o[14]'. [E:/Works/com_labs/icf.xdc:61]
CRITICAL WARNING: [Common 17-55] 'set_property' expects at least one object. [E:/Works/com_labs/icf.xdc:61]
Resolution: If [get_<value>] was used to populate the object, check to make sure this command returns at least one valid object.
WARNING: [Vivado 12-584] No ports matched 'led_o[15]'. [E:/Works/com_labs/icf.xdc:62]
CRITICAL WARNING: [Common 17-55] 'set_property' expects at least one object. [E:/Works/com_labs/icf.xdc:62]
Resolution: If [get_<value>] was used to populate the object, check to make sure this command returns at least one valid object.
WARNING: [Vivado 12-584] No ports matched 'CPU_RESETN'. [E:/Works/com_labs/icf.xdc:66]
CRITICAL WARNING: [Common 17-55] 'set_property' expects at least one object. [E:/Works/com_labs/icf.xdc:66]
Resolution: If [get_<value>] was used to populate the object, check to make sure this command returns at least one valid object.
WARNING: [Vivado 12-584] No ports matched 'BTNC'. [E:/Works/com_labs/icf.xdc:67]
CRITICAL WARNING: [Common 17-55] 'set_property' expects at least one object. [E:/Works/com_labs/icf.xdc:67]
Resolution: If [get_<value>] was used to populate the object, check to make sure this command returns at least one valid object.
WARNING: [Vivado 12-584] No ports matched 'BTNU'. [E:/Works/com_labs/icf.xdc:68]
CRITICAL WARNING: [Common 17-55] 'set_property' expects at least one object. [E:/Works/com_labs/icf.xdc:68]
Resolution: If [get_<value>] was used to populate the object, check to make sure this command returns at least one valid object.
WARNING: [Vivado 12-584] No ports matched 'BTNL'. [E:/Works/com_labs/icf.xdc:69]
CRITICAL WARNING: [Common 17-55] 'set_property' expects at least one object. [E:/Works/com_labs/icf.xdc:69]
Resolution: If [get_<value>] was used to populate the object, check to make sure this command returns at least one valid object.
WARNING: [Vivado 12-584] No ports matched 'BTNR'. [E:/Works/com_labs/icf.xdc:70]
CRITICAL WARNING: [Common 17-55] 'set_property' expects at least one object. [E:/Works/com_labs/icf.xdc:70]
Resolution: If [get_<value>] was used to populate the object, check to make sure this command returns at least one valid object.
WARNING: [Vivado 12-584] No ports matched 'BTND'. [E:/Works/com_labs/icf.xdc:71]
CRITICAL WARNING: [Common 17-55] 'set_property' expects at least one object. [E:/Works/com_labs/icf.xdc:71]
Resolution: If [get_<value>] was used to populate the object, check to make sure this command returns at least one valid object.
Finished Parsing XDC File [E:/Works/com_labs/icf.xdc]
INFO: [Project 1-236] Implementation specific constraints were found while reading constraint file [E:/Works/com_labs/icf.xdc]. These constraints will be ignored for synthesis but will be used in implementation. Impacted constraints are listed in the file [.Xil/lab3_propImpl.xdc].
Resolution: To avoid this warning, move constraints listed in [.Xil/lab3_propImpl.xdc] to another XDC file and exclude this new file from synthesis with the used_in_synthesis property (File Properties dialog in GUI) and re-run elaboration/synthesis.
Netlist sorting complete. Time (s): cpu = 00:00:00 ; elapsed = 00:00:00 . Memory (MB): peak = 766.008 ; gain = 0.000
Completed Processing XDC Constraints

Netlist sorting complete. Time (s): cpu = 00:00:00 ; elapsed = 00:00:00 . Memory (MB): peak = 766.031 ; gain = 0.000
INFO: [Project 1-111] Unisim Transformation Summary:
No Unisim elements were transformed.

Netlist sorting complete. Time (s): cpu = 00:00:00 ; elapsed = 00:00:00 . Memory (MB): peak = 766.031 ; gain = 0.000
Constraint Validation Runtime : Time (s): cpu = 00:00:00 ; elapsed = 00:00:00.002 . Memory (MB): peak = 766.031 ; gain = 0.000
---------------------------------------------------------------------------------
Finished Constraint Validation : Time (s): cpu = 00:00:03 ; elapsed = 00:00:07 . Memory (MB): peak = 766.031 ; gain = 493.969
---------------------------------------------------------------------------------
---------------------------------------------------------------------------------
Start Loading Part and Timing Information
---------------------------------------------------------------------------------
Loading part: xc7a100tcsg324-1
---------------------------------------------------------------------------------
Finished Loading Part and Timing Information : Time (s): cpu = 00:00:03 ; elapsed = 00:00:07 . Memory (MB): peak = 766.031 ; gain = 493.969
---------------------------------------------------------------------------------
---------------------------------------------------------------------------------
Start Applying 'set_property' XDC Constraints
---------------------------------------------------------------------------------
---------------------------------------------------------------------------------
Finished applying 'set_property' XDC Constraints : Time (s): cpu = 00:00:03 ; elapsed = 00:00:07 . Memory (MB): peak = 766.031 ; gain = 493.969
---------------------------------------------------------------------------------
INFO: [Synth 8-5546] ROM "o_seg_r" won't be mapped to RAM because it is too sparse
---------------------------------------------------------------------------------
Finished RTL Optimization Phase 2 : Time (s): cpu = 00:00:03 ; elapsed = 00:00:07 . Memory (MB): peak = 766.031 ; gain = 493.969
---------------------------------------------------------------------------------

Report RTL Partitions: 
+-+--------------+------------+----------+
| |RTL Partition |Replication |Instances |
+-+--------------+------------+----------+
+-+--------------+------------+----------+
---------------------------------------------------------------------------------
Start RTL Component Statistics 
---------------------------------------------------------------------------------
Detailed RTL Component Info : 
+---Adders : 
	   2 Input      3 Bit       Adders := 1     
+---Registers : 
	               32 Bit    Registers := 1     
	                8 Bit    Registers := 1     
	                3 Bit    Registers := 1     
+---Muxes : 
	   8 Input      8 Bit        Muxes := 1     
---------------------------------------------------------------------------------
Finished RTL Component Statistics 
---------------------------------------------------------------------------------
---------------------------------------------------------------------------------
Start RTL Hierarchical Component Statistics 
---------------------------------------------------------------------------------
Hierarchical RTL Component report 
Module seg7x16 
Detailed RTL Component Info : 
+---Adders : 
	   2 Input      3 Bit       Adders := 1     
+---Registers : 
	               32 Bit    Registers := 1     
	                8 Bit    Registers := 1     
	                3 Bit    Registers := 1     
+---Muxes : 
	   8 Input      8 Bit        Muxes := 1     
---------------------------------------------------------------------------------
Finished RTL Hierarchical Component Statistics
---------------------------------------------------------------------------------
---------------------------------------------------------------------------------
Start Part Resource Summary
---------------------------------------------------------------------------------
Part Resources:
DSPs: 240 (col length:80)
BRAMs: 270 (col length: RAMB18 80 RAMB36 40)
---------------------------------------------------------------------------------
Finished Part Resource Summary
---------------------------------------------------------------------------------
---------------------------------------------------------------------------------
Start Cross Boundary and Area Optimization
---------------------------------------------------------------------------------
Warning: Parallel synthesis criteria is not met 
CRITICAL WARNING: [Synth 8-6859] multi-driven net on pin disp_seg_o[7] with 1st driver pin 'seg7x16_inst/o_seg_r_reg[7]/Q' [E:/Works/com_labs/lab3_seg7/lab3_seg7.srcs/sources_1/new/seg7x16.v:84]
CRITICAL WARNING: [Synth 8-6859] multi-driven net on pin disp_seg_o[7] with 2nd driver pin 'disp_seg_o[7]' [E:/Works/com_labs/lab3_seg7/lab3_seg7.srcs/sources_1/new/lab3.v:23]
CRITICAL WARNING: [Synth 8-6859] multi-driven net on pin disp_seg_o[6] with 1st driver pin 'seg7x16_inst/o_seg_r_reg[6]/Q' [E:/Works/com_labs/lab3_seg7/lab3_seg7.srcs/sources_1/new/seg7x16.v:84]
CRITICAL WARNING: [Synth 8-6859] multi-driven net on pin disp_seg_o[6] with 2nd driver pin 'disp_seg_o[6]' [E:/Works/com_labs/lab3_seg7/lab3_seg7.srcs/sources_1/new/lab3.v:23]
CRITICAL WARNING: [Synth 8-6859] multi-driven net on pin disp_seg_o[5] with 1st driver pin 'seg7x16_inst/o_seg_r_reg[5]/Q' [E:/Works/com_labs/lab3_seg7/lab3_seg7.srcs/sources_1/new/seg7x16.v:84]
CRITICAL WARNING: [Synth 8-6859] multi-driven net on pin disp_seg_o[5] with 2nd driver pin 'disp_seg_o[5]' [E:/Works/com_labs/lab3_seg7/lab3_seg7.srcs/sources_1/new/lab3.v:23]
CRITICAL WARNING: [Synth 8-6859] multi-driven net on pin disp_seg_o[4] with 1st driver pin 'seg7x16_inst/o_seg_r_reg[4]/Q' [E:/Works/com_labs/lab3_seg7/lab3_seg7.srcs/sources_1/new/seg7x16.v:84]
CRITICAL WARNING: [Synth 8-6859] multi-driven net on pin disp_seg_o[4] with 2nd driver pin 'disp_seg_o[4]' [E:/Works/com_labs/lab3_seg7/lab3_seg7.srcs/sources_1/new/lab3.v:23]
CRITICAL WARNING: [Synth 8-6859] multi-driven net on pin disp_seg_o[3] with 1st driver pin 'seg7x16_inst/o_seg_r_reg[3]/Q' [E:/Works/com_labs/lab3_seg7/lab3_seg7.srcs/sources_1/new/seg7x16.v:84]
CRITICAL WARNING: [Synth 8-6859] multi-driven net on pin disp_seg_o[3] with 2nd driver pin 'disp_seg_o[3]' [E:/Works/com_labs/lab3_seg7/lab3_seg7.srcs/sources_1/new/lab3.v:23]
CRITICAL WARNING: [Synth 8-6859] multi-driven net on pin disp_seg_o[2] with 1st driver pin 'seg7x16_inst/o_seg_r_reg[2]/Q' [E:/Works/com_labs/lab3_seg7/lab3_seg7.srcs/sources_1/new/seg7x16.v:84]
CRITICAL WARNING: [Synth 8-6859] multi-driven net on pin disp_seg_o[2] with 2nd driver pin 'disp_seg_o[2]' [E:/Works/com_labs/lab3_seg7/lab3_seg7.srcs/sources_1/new/lab3.v:23]
CRITICAL WARNING: [Synth 8-6859] multi-driven net on pin disp_seg_o[1] with 1st driver pin 'seg7x16_inst/o_seg_r_reg[1]/Q' [E:/Works/com_labs/lab3_seg7/lab3_seg7.srcs/sources_1/new/seg7x16.v:84]
CRITICAL WARNING: [Synth 8-6859] multi-driven net on pin disp_seg_o[1] with 2nd driver pin 'disp_seg_o[1]' [E:/Works/com_labs/lab3_seg7/lab3_seg7.srcs/sources_1/new/lab3.v:23]
CRITICAL WARNING: [Synth 8-6859] multi-driven net on pin disp_seg_o[0] with 1st driver pin 'seg7x16_inst/o_seg_r_reg[0]/Q' [E:/Works/com_labs/lab3_seg7/lab3_seg7.srcs/sources_1/new/seg7x16.v:84]
CRITICAL WARNING: [Synth 8-6859] multi-driven net on pin disp_seg_o[0] with 2nd driver pin 'disp_seg_o[0]' [E:/Works/com_labs/lab3_seg7/lab3_seg7.srcs/sources_1/new/lab3.v:23]
CRITICAL WARNING: [Synth 8-6859] multi-driven net on pin disp_an_o[7] with 1st driver pin 'seg7x16_inst/o_sel_r_inferred/o_sel_r[7]' [E:/Works/com_labs/lab3_seg7/lab3_seg7.srcs/sources_1/new/seg7x16.v:49]
CRITICAL WARNING: [Synth 8-6859] multi-driven net on pin disp_an_o[7] with 2nd driver pin 'disp_an_o[7]' [E:/Works/com_labs/lab3_seg7/lab3_seg7.srcs/sources_1/new/lab3.v:23]
CRITICAL WARNING: [Synth 8-6859] multi-driven net on pin disp_an_o[6] with 1st driver pin 'seg7x16_inst/o_sel_r_inferred/o_sel_r[6]' [E:/Works/com_labs/lab3_seg7/lab3_seg7.srcs/sources_1/new/seg7x16.v:49]
CRITICAL WARNING: [Synth 8-6859] multi-driven net on pin disp_an_o[6] with 2nd driver pin 'disp_an_o[6]' [E:/Works/com_labs/lab3_seg7/lab3_seg7.srcs/sources_1/new/lab3.v:23]
CRITICAL WARNING: [Synth 8-6859] multi-driven net on pin disp_an_o[5] with 1st driver pin 'seg7x16_inst/o_sel_r_inferred/o_sel_r[5]' [E:/Works/com_labs/lab3_seg7/lab3_seg7.srcs/sources_1/new/seg7x16.v:49]
CRITICAL WARNING: [Synth 8-6859] multi-driven net on pin disp_an_o[5] with 2nd driver pin 'disp_an_o[5]' [E:/Works/com_labs/lab3_seg7/lab3_seg7.srcs/sources_1/new/lab3.v:23]
CRITICAL WARNING: [Synth 8-6859] multi-driven net on pin disp_an_o[4] with 1st driver pin 'seg7x16_inst/o_sel_r_inferred/o_sel_r[4]' [E:/Works/com_labs/lab3_seg7/lab3_seg7.srcs/sources_1/new/seg7x16.v:49]
CRITICAL WARNING: [Synth 8-6859] multi-driven net on pin disp_an_o[4] with 2nd driver pin 'disp_an_o[4]' [E:/Works/com_labs/lab3_seg7/lab3_seg7.srcs/sources_1/new/lab3.v:23]
CRITICAL WARNING: [Synth 8-6859] multi-driven net on pin disp_an_o[3] with 1st driver pin 'seg7x16_inst/o_sel_r_inferred/o_sel_r[3]' [E:/Works/com_labs/lab3_seg7/lab3_seg7.srcs/sources_1/new/seg7x16.v:49]
CRITICAL WARNING: [Synth 8-6859] multi-driven net on pin disp_an_o[3] with 2nd driver pin 'disp_an_o[3]' [E:/Works/com_labs/lab3_seg7/lab3_seg7.srcs/sources_1/new/lab3.v:23]
CRITICAL WARNING: [Synth 8-6859] multi-driven net on pin disp_an_o[2] with 1st driver pin 'seg7x16_inst/o_sel_r_inferred/o_sel_r[2]' [E:/Works/com_labs/lab3_seg7/lab3_seg7.srcs/sources_1/new/seg7x16.v:49]
CRITICAL WARNING: [Synth 8-6859] multi-driven net on pin disp_an_o[2] with 2nd driver pin 'disp_an_o[2]' [E:/Works/com_labs/lab3_seg7/lab3_seg7.srcs/sources_1/new/lab3.v:23]
CRITICAL WARNING: [Synth 8-6859] multi-driven net on pin disp_an_o[1] with 1st driver pin 'seg7x16_inst/o_sel_r_inferred/o_sel_r[1]' [E:/Works/com_labs/lab3_seg7/lab3_seg7.srcs/sources_1/new/seg7x16.v:49]
CRITICAL WARNING: [Synth 8-6859] multi-driven net on pin disp_an_o[1] with 2nd driver pin 'disp_an_o[1]' [E:/Works/com_labs/lab3_seg7/lab3_seg7.srcs/sources_1/new/lab3.v:23]
CRITICAL WARNING: [Synth 8-6859] multi-driven net on pin disp_an_o[0] with 1st driver pin 'seg7x16_inst/o_sel_r_inferred/o_sel_r[0]' [E:/Works/com_labs/lab3_seg7/lab3_seg7.srcs/sources_1/new/seg7x16.v:49]
CRITICAL WARNING: [Synth 8-6859] multi-driven net on pin disp_an_o[0] with 2nd driver pin 'disp_an_o[0]' [E:/Works/com_labs/lab3_seg7/lab3_seg7.srcs/sources_1/new/lab3.v:23]
---------------------------------------------------------------------------------
Finished Cross Boundary and Area Optimization : Time (s): cpu = 00:00:03 ; elapsed = 00:00:08 . Memory (MB): peak = 766.031 ; gain = 493.969
---------------------------------------------------------------------------------

Report RTL Partitions: 
+-+--------------+------------+----------+
| |RTL Partition |Replication |Instances |
+-+--------------+------------+----------+
+-+--------------+------------+----------+
---------------------------------------------------------------------------------
Start Applying XDC Timing Constraints
---------------------------------------------------------------------------------
---------------------------------------------------------------------------------
Finished Applying XDC Timing Constraints : Time (s): cpu = 00:00:06 ; elapsed = 00:00:12 . Memory (MB): peak = 766.031 ; gain = 493.969
---------------------------------------------------------------------------------
---------------------------------------------------------------------------------
Start Timing Optimization
---------------------------------------------------------------------------------
---------------------------------------------------------------------------------
Finished Timing Optimization : Time (s): cpu = 00:00:06 ; elapsed = 00:00:12 . Memory (MB): peak = 766.031 ; gain = 493.969
---------------------------------------------------------------------------------

Report RTL Partitions: 
+-+--------------+------------+----------+
| |RTL Partition |Replication |Instances |
+-+--------------+------------+----------+
+-+--------------+------------+----------+
---------------------------------------------------------------------------------
Start Technology Mapping
---------------------------------------------------------------------------------
---------------------------------------------------------------------------------
Finished Technology Mapping : Time (s): cpu = 00:00:06 ; elapsed = 00:00:12 . Memory (MB): peak = 766.031 ; gain = 493.969
---------------------------------------------------------------------------------

Report RTL Partitions: 
+-+--------------+------------+----------+
| |RTL Partition |Replication |Instances |
+-+--------------+------------+----------+
+-+--------------+------------+----------+
---------------------------------------------------------------------------------
Start IO Insertion
---------------------------------------------------------------------------------
---------------------------------------------------------------------------------
Start Flattening Before IO Insertion
---------------------------------------------------------------------------------
---------------------------------------------------------------------------------
Finished Flattening Before IO Insertion
---------------------------------------------------------------------------------
---------------------------------------------------------------------------------
Start Final Netlist Cleanup
---------------------------------------------------------------------------------
---------------------------------------------------------------------------------
Finished Final Netlist Cleanup
---------------------------------------------------------------------------------
---------------------------------------------------------------------------------
Finished IO Insertion : Time (s): cpu = 00:00:06 ; elapsed = 00:00:12 . Memory (MB): peak = 766.031 ; gain = 493.969
---------------------------------------------------------------------------------

Report Check Netlist: 
+------+------------------+-------+---------+-------+------------------+
|      |Item              |Errors |Warnings |Status |Description       |
+------+------------------+-------+---------+-------+------------------+
|1     |multi_driven_nets |      0|        0|Passed |Multi driven nets |
+------+------------------+-------+---------+-------+------------------+
---------------------------------------------------------------------------------
Start Renaming Generated Instances
---------------------------------------------------------------------------------
---------------------------------------------------------------------------------
Finished Renaming Generated Instances : Time (s): cpu = 00:00:06 ; elapsed = 00:00:12 . Memory (MB): peak = 766.031 ; gain = 493.969
---------------------------------------------------------------------------------

Report RTL Partitions: 
+-+--------------+------------+----------+
| |RTL Partition |Replication |Instances |
+-+--------------+------------+----------+
+-+--------------+------------+----------+
---------------------------------------------------------------------------------
Start Rebuilding User Hierarchy
---------------------------------------------------------------------------------
---------------------------------------------------------------------------------
Finished Rebuilding User Hierarchy : Time (s): cpu = 00:00:06 ; elapsed = 00:00:12 . Memory (MB): peak = 766.031 ; gain = 493.969
---------------------------------------------------------------------------------
---------------------------------------------------------------------------------
Start Renaming Generated Ports
---------------------------------------------------------------------------------
---------------------------------------------------------------------------------
Finished Renaming Generated Ports : Time (s): cpu = 00:00:06 ; elapsed = 00:00:12 . Memory (MB): peak = 766.031 ; gain = 493.969
---------------------------------------------------------------------------------
---------------------------------------------------------------------------------
Start Handling Custom Attributes
---------------------------------------------------------------------------------
---------------------------------------------------------------------------------
Finished Handling Custom Attributes : Time (s): cpu = 00:00:06 ; elapsed = 00:00:12 . Memory (MB): peak = 766.031 ; gain = 493.969
---------------------------------------------------------------------------------
---------------------------------------------------------------------------------
Start Renaming Generated Nets
---------------------------------------------------------------------------------
---------------------------------------------------------------------------------
Finished Renaming Generated Nets : Time (s): cpu = 00:00:06 ; elapsed = 00:00:12 . Memory (MB): peak = 766.031 ; gain = 493.969
---------------------------------------------------------------------------------
---------------------------------------------------------------------------------
Start Writing Synthesis Report
---------------------------------------------------------------------------------

Report BlackBoxes: 
+-+--------------+----------+
| |BlackBox name |Instances |
+-+--------------+----------+
+-+--------------+----------+

Report Cell Usage: 
+-+-----+------+
| |Cell |Count |
+-+-----+------+
+-+-----+------+

Report Instance Areas: 
+------+---------+-------+------+
|      |Instance |Module |Cells |
+------+---------+-------+------+
|1     |top      |       |     0|
+------+---------+-------+------+
---------------------------------------------------------------------------------
Finished Writing Synthesis Report : Time (s): cpu = 00:00:06 ; elapsed = 00:00:12 . Memory (MB): peak = 766.031 ; gain = 493.969
---------------------------------------------------------------------------------
Synthesis finished with 0 errors, 32 critical warnings and 0 warnings.
Synthesis Optimization Runtime : Time (s): cpu = 00:00:03 ; elapsed = 00:00:09 . Memory (MB): peak = 766.031 ; gain = 155.828
Synthesis Optimization Complete : Time (s): cpu = 00:00:06 ; elapsed = 00:00:13 . Memory (MB): peak = 766.031 ; gain = 493.969
INFO: [Project 1-571] Translating synthesized netlist
INFO: [Project 1-570] Preparing netlist for logic optimization
INFO: [Opt 31-138] Pushed 0 inverter(s) to 0 load pin(s).
Netlist sorting complete. Time (s): cpu = 00:00:00 ; elapsed = 00:00:00 . Memory (MB): peak = 781.996 ; gain = 0.000
INFO: [Project 1-111] Unisim Transformation Summary:
No Unisim elements were transformed.

INFO: [Common 17-83] Releasing license: Synthesis
16 Infos, 42 Warnings, 72 Critical Warnings and 0 Errors encountered.
synth_design completed successfully
synth_design: Time (s): cpu = 00:00:08 ; elapsed = 00:00:14 . Memory (MB): peak = 781.996 ; gain = 523.438
Netlist sorting complete. Time (s): cpu = 00:00:00 ; elapsed = 00:00:00 . Memory (MB): peak = 781.996 ; gain = 0.000
WARNING: [Constraints 18-5210] No constraints selected for write.
Resolution: This message can indicate that there are no constraints for the design, or it can indicate that the used_in flags are set such that the constraints are ignored. This later case is used when running synth_design to not write synthesis constraints to the resulting checkpoint. Instead, project constraints are read when the synthesized design is opened.
INFO: [Common 17-1381] The checkpoint 'E:/Works/com_labs/lab3_seg7/lab3_seg7.runs/synth_1/lab3.dcp' has been generated.
INFO: [runtcl-4] Executing : report_utilization -file lab3_utilization_synth.rpt -pb lab3_utilization_synth.pb
INFO: [Common 17-206] Exiting Vivado at Sun Nov 17 21:35:51 2024...
