
*** Running vivado
    with args -log lab3.vdi -applog -m64 -product Vivado -messageDb vivado.pb -mode batch -source lab3.tcl -notrace


****** Vivado v2018.3 (64-bit)
  **** SW Build 2405991 on Thu Dec  6 23:38:27 MST 2018
  **** IP Build 2404404 on Fri Dec  7 01:43:56 MST 2018
    ** Copyright 1986-2018 Xilinx, Inc. All Rights Reserved.

source lab3.tcl -notrace
Command: link_design -top lab3 -part xc7a100tcsg324-1
Design is defaulting to srcset: sources_1
Design is defaulting to constrset: constrs_1
INFO: [Project 1-454] Reading design checkpoint 'e:/Works/com_labs/lab3/lab3.srcs/sources_1/ip/dist_mem_gen_0/dist_mem_gen_0.dcp' for cell 'u_IM'
INFO: [Netlist 29-17] Analyzing 183 Unisim elements for replacement
INFO: [Netlist 29-28] Unisim Transformation completed in 0 CPU seconds
INFO: [Project 1-479] Netlist was created with Vivado 2018.3
INFO: [Device 21-403] Loading part xc7a100tcsg324-1
INFO: [Project 1-570] Preparing netlist for logic optimization
Parsing XDC File [E:/Works/com_labs/icf.xdc]
WARNING: [Vivado 12-507] No nets matched 'BTNC_IBUF'. [E:/Works/com_labs/icf.xdc:6]
CRITICAL WARNING: [Common 17-55] 'set_property' expects at least one object. [E:/Works/com_labs/icf.xdc:6]
Resolution: If [get_<value>] was used to populate the object, check to make sure this command returns at least one valid object.
WARNING: [Vivado 12-584] No ports matched 'led_o[0]'. [E:/Works/com_labs/icf.xdc:47]
CRITICAL WARNING: [Common 17-55] 'set_property' expects at least one object. [E:/Works/com_labs/icf.xdc:47]
Resolution: If [get_<value>] was used to populate the object, check to make sure this command returns at least one valid object.
WARNING: [Vivado 12-584] No ports matched 'led_o[1]'. [E:/Works/com_labs/icf.xdc:48]
CRITICAL WARNING: [Common 17-55] 'set_property' expects at least one object. [E:/Works/com_labs/icf.xdc:48]
Resolution: If [get_<value>] was used to populate the object, check to make sure this command returns at least one valid object.
WARNING: [Vivado 12-584] No ports matched 'led_o[2]'. [E:/Works/com_labs/icf.xdc:49]
CRITICAL WARNING: [Common 17-55] 'set_property' expects at least one object. [E:/Works/com_labs/icf.xdc:49]
Resolution: If [get_<value>] was used to populate the object, check to make sure this command returns at least one valid object.
WARNING: [Vivado 12-584] No ports matched 'led_o[3]'. [E:/Works/com_labs/icf.xdc:50]
CRITICAL WARNING: [Common 17-55] 'set_property' expects at least one object. [E:/Works/com_labs/icf.xdc:50]
Resolution: If [get_<value>] was used to populate the object, check to make sure this command returns at least one valid object.
WARNING: [Vivado 12-584] No ports matched 'led_o[4]'. [E:/Works/com_labs/icf.xdc:51]
CRITICAL WARNING: [Common 17-55] 'set_property' expects at least one object. [E:/Works/com_labs/icf.xdc:51]
Resolution: If [get_<value>] was used to populate the object, check to make sure this command returns at least one valid object.
WARNING: [Vivado 12-584] No ports matched 'led_o[5]'. [E:/Works/com_labs/icf.xdc:52]
CRITICAL WARNING: [Common 17-55] 'set_property' expects at least one object. [E:/Works/com_labs/icf.xdc:52]
Resolution: If [get_<value>] was used to populate the object, check to make sure this command returns at least one valid object.
WARNING: [Vivado 12-584] No ports matched 'led_o[6]'. [E:/Works/com_labs/icf.xdc:53]
CRITICAL WARNING: [Common 17-55] 'set_property' expects at least one object. [E:/Works/com_labs/icf.xdc:53]
Resolution: If [get_<value>] was used to populate the object, check to make sure this command returns at least one valid object.
WARNING: [Vivado 12-584] No ports matched 'led_o[7]'. [E:/Works/com_labs/icf.xdc:54]
CRITICAL WARNING: [Common 17-55] 'set_property' expects at least one object. [E:/Works/com_labs/icf.xdc:54]
Resolution: If [get_<value>] was used to populate the object, check to make sure this command returns at least one valid object.
WARNING: [Vivado 12-584] No ports matched 'led_o[8]'. [E:/Works/com_labs/icf.xdc:55]
CRITICAL WARNING: [Common 17-55] 'set_property' expects at least one object. [E:/Works/com_labs/icf.xdc:55]
Resolution: If [get_<value>] was used to populate the object, check to make sure this command returns at least one valid object.
WARNING: [Vivado 12-584] No ports matched 'led_o[9]'. [E:/Works/com_labs/icf.xdc:56]
CRITICAL WARNING: [Common 17-55] 'set_property' expects at least one object. [E:/Works/com_labs/icf.xdc:56]
Resolution: If [get_<value>] was used to populate the object, check to make sure this command returns at least one valid object.
WARNING: [Vivado 12-584] No ports matched 'led_o[10]'. [E:/Works/com_labs/icf.xdc:57]
CRITICAL WARNING: [Common 17-55] 'set_property' expects at least one object. [E:/Works/com_labs/icf.xdc:57]
Resolution: If [get_<value>] was used to populate the object, check to make sure this command returns at least one valid object.
WARNING: [Vivado 12-584] No ports matched 'led_o[11]'. [E:/Works/com_labs/icf.xdc:58]
CRITICAL WARNING: [Common 17-55] 'set_property' expects at least one object. [E:/Works/com_labs/icf.xdc:58]
Resolution: If [get_<value>] was used to populate the object, check to make sure this command returns at least one valid object.
WARNING: [Vivado 12-584] No ports matched 'led_o[12]'. [E:/Works/com_labs/icf.xdc:59]
CRITICAL WARNING: [Common 17-55] 'set_property' expects at least one object. [E:/Works/com_labs/icf.xdc:59]
Resolution: If [get_<value>] was used to populate the object, check to make sure this command returns at least one valid object.
WARNING: [Vivado 12-584] No ports matched 'led_o[13]'. [E:/Works/com_labs/icf.xdc:60]
CRITICAL WARNING: [Common 17-55] 'set_property' expects at least one object. [E:/Works/com_labs/icf.xdc:60]
Resolution: If [get_<value>] was used to populate the object, check to make sure this command returns at least one valid object.
WARNING: [Vivado 12-584] No ports matched 'led_o[14]'. [E:/Works/com_labs/icf.xdc:61]
CRITICAL WARNING: [Common 17-55] 'set_property' expects at least one object. [E:/Works/com_labs/icf.xdc:61]
Resolution: If [get_<value>] was used to populate the object, check to make sure this command returns at least one valid object.
WARNING: [Vivado 12-584] No ports matched 'led_o[15]'. [E:/Works/com_labs/icf.xdc:62]
CRITICAL WARNING: [Common 17-55] 'set_property' expects at least one object. [E:/Works/com_labs/icf.xdc:62]
Resolution: If [get_<value>] was used to populate the object, check to make sure this command returns at least one valid object.
WARNING: [Vivado 12-584] No ports matched 'CPU_RESETN'. [E:/Works/com_labs/icf.xdc:66]
CRITICAL WARNING: [Common 17-55] 'set_property' expects at least one object. [E:/Works/com_labs/icf.xdc:66]
Resolution: If [get_<value>] was used to populate the object, check to make sure this command returns at least one valid object.
WARNING: [Vivado 12-584] No ports matched 'BTNC'. [E:/Works/com_labs/icf.xdc:67]
CRITICAL WARNING: [Common 17-55] 'set_property' expects at least one object. [E:/Works/com_labs/icf.xdc:67]
Resolution: If [get_<value>] was used to populate the object, check to make sure this command returns at least one valid object.
WARNING: [Vivado 12-584] No ports matched 'BTNU'. [E:/Works/com_labs/icf.xdc:68]
CRITICAL WARNING: [Common 17-55] 'set_property' expects at least one object. [E:/Works/com_labs/icf.xdc:68]
Resolution: If [get_<value>] was used to populate the object, check to make sure this command returns at least one valid object.
WARNING: [Vivado 12-584] No ports matched 'BTNL'. [E:/Works/com_labs/icf.xdc:69]
CRITICAL WARNING: [Common 17-55] 'set_property' expects at least one object. [E:/Works/com_labs/icf.xdc:69]
Resolution: If [get_<value>] was used to populate the object, check to make sure this command returns at least one valid object.
WARNING: [Vivado 12-584] No ports matched 'BTNR'. [E:/Works/com_labs/icf.xdc:70]
CRITICAL WARNING: [Common 17-55] 'set_property' expects at least one object. [E:/Works/com_labs/icf.xdc:70]
Resolution: If [get_<value>] was used to populate the object, check to make sure this command returns at least one valid object.
WARNING: [Vivado 12-584] No ports matched 'BTND'. [E:/Works/com_labs/icf.xdc:71]
CRITICAL WARNING: [Common 17-55] 'set_property' expects at least one object. [E:/Works/com_labs/icf.xdc:71]
Resolution: If [get_<value>] was used to populate the object, check to make sure this command returns at least one valid object.
Finished Parsing XDC File [E:/Works/com_labs/icf.xdc]
INFO: [Opt 31-138] Pushed 0 inverter(s) to 0 load pin(s).
Netlist sorting complete. Time (s): cpu = 00:00:00 ; elapsed = 00:00:00 . Memory (MB): peak = 643.945 ; gain = 0.000
INFO: [Project 1-111] Unisim Transformation Summary:
  A total of 32 instances were transformed.
  RAM64X1S => RAM64X1S (RAMS64E): 32 instances

8 Infos, 23 Warnings, 23 Critical Warnings and 0 Errors encountered.
link_design completed successfully
Command: opt_design
Attempting to get a license for feature 'Implementation' and/or device 'xc7a100t'
INFO: [Common 17-349] Got license for feature 'Implementation' and/or device 'xc7a100t'
Running DRC as a precondition to command opt_design

Starting DRC Task
INFO: [DRC 23-27] Running DRC with 2 threads
INFO: [Project 1-461] DRC finished with 0 Errors
INFO: [Project 1-462] Please refer to the DRC report (report_drc) for more information.

Time (s): cpu = 00:00:01 ; elapsed = 00:00:00.354 . Memory (MB): peak = 656.297 ; gain = 12.352

Starting Cache Timing Information Task
INFO: [Timing 38-35] Done setting XDC timing constraints.
Ending Cache Timing Information Task | Checksum: f0afc53f

Time (s): cpu = 00:00:03 ; elapsed = 00:00:06 . Memory (MB): peak = 1215.941 ; gain = 559.645

Starting Logic Optimization Task

Phase 1 Retarget
INFO: [Opt 31-138] Pushed 0 inverter(s) to 0 load pin(s).
INFO: [Opt 31-49] Retargeted 0 cell(s).
Phase 1 Retarget | Checksum: f0afc53f

Time (s): cpu = 00:00:00 ; elapsed = 00:00:00.055 . Memory (MB): peak = 1314.969 ; gain = 0.000
INFO: [Opt 31-389] Phase Retarget created 0 cells and removed 0 cells

Phase 2 Constant propagation
INFO: [Opt 31-138] Pushed 0 inverter(s) to 0 load pin(s).
Phase 2 Constant propagation | Checksum: 6df8b197

Time (s): cpu = 00:00:00 ; elapsed = 00:00:00.070 . Memory (MB): peak = 1314.969 ; gain = 0.000
INFO: [Opt 31-389] Phase Constant propagation created 0 cells and removed 32 cells

Phase 3 Sweep
Phase 3 Sweep | Checksum: 60954841

Time (s): cpu = 00:00:00 ; elapsed = 00:00:00.093 . Memory (MB): peak = 1314.969 ; gain = 0.000
INFO: [Opt 31-389] Phase Sweep created 0 cells and removed 0 cells

Phase 4 BUFG optimization
Phase 4 BUFG optimization | Checksum: 60954841

Time (s): cpu = 00:00:00 ; elapsed = 00:00:00.113 . Memory (MB): peak = 1314.969 ; gain = 0.000
INFO: [Opt 31-662] Phase BUFG optimization created 0 cells of which 0 are BUFGs and removed 0 cells.

Phase 5 Shift Register Optimization
Phase 5 Shift Register Optimization | Checksum: 1db22f84b

Time (s): cpu = 00:00:00 ; elapsed = 00:00:00.181 . Memory (MB): peak = 1314.969 ; gain = 0.000
INFO: [Opt 31-389] Phase Shift Register Optimization created 0 cells and removed 0 cells

Phase 6 Post Processing Netlist
Phase 6 Post Processing Netlist | Checksum: 1db22f84b

Time (s): cpu = 00:00:00 ; elapsed = 00:00:00.189 . Memory (MB): peak = 1314.969 ; gain = 0.000
INFO: [Opt 31-389] Phase Post Processing Netlist created 0 cells and removed 0 cells
Opt_design Change Summary
=========================


-------------------------------------------------------------------------------------------------------------------------
|  Phase                        |  #Cells created  |  #Cells Removed  |  #Constrained objects preventing optimizations  |
-------------------------------------------------------------------------------------------------------------------------
|  Retarget                     |               0  |               0  |                                              0  |
|  Constant propagation         |               0  |              32  |                                              0  |
|  Sweep                        |               0  |               0  |                                              0  |
|  BUFG optimization            |               0  |               0  |                                              0  |
|  Shift Register Optimization  |               0  |               0  |                                              0  |
|  Post Processing Netlist      |               0  |               0  |                                              0  |
-------------------------------------------------------------------------------------------------------------------------



Starting Connectivity Check Task

Time (s): cpu = 00:00:00 ; elapsed = 00:00:00.001 . Memory (MB): peak = 1314.969 ; gain = 0.000
Ending Logic Optimization Task | Checksum: 1db22f84b

Time (s): cpu = 00:00:00 ; elapsed = 00:00:00.193 . Memory (MB): peak = 1314.969 ; gain = 0.000

Starting Power Optimization Task
INFO: [Pwropt 34-132] Skipping clock gating for clocks with a period < 2.00 ns.
Ending Power Optimization Task | Checksum: 1db22f84b

Time (s): cpu = 00:00:00 ; elapsed = 00:00:00.006 . Memory (MB): peak = 1314.969 ; gain = 0.000

Starting Final Cleanup Task
Ending Final Cleanup Task | Checksum: 1db22f84b

Time (s): cpu = 00:00:00 ; elapsed = 00:00:00 . Memory (MB): peak = 1314.969 ; gain = 0.000

Starting Netlist Obfuscation Task
Netlist sorting complete. Time (s): cpu = 00:00:00 ; elapsed = 00:00:00 . Memory (MB): peak = 1314.969 ; gain = 0.000
Ending Netlist Obfuscation Task | Checksum: 1db22f84b

Time (s): cpu = 00:00:00 ; elapsed = 00:00:00 . Memory (MB): peak = 1314.969 ; gain = 0.000
INFO: [Common 17-83] Releasing license: Implementation
24 Infos, 23 Warnings, 23 Critical Warnings and 0 Errors encountered.
opt_design completed successfully
opt_design: Time (s): cpu = 00:00:04 ; elapsed = 00:00:07 . Memory (MB): peak = 1314.969 ; gain = 671.023
Netlist sorting complete. Time (s): cpu = 00:00:00 ; elapsed = 00:00:00.001 . Memory (MB): peak = 1314.969 ; gain = 0.000
INFO: [Timing 38-480] Writing timing data to binary archive.
Writing placer database...
Writing XDEF routing.
Writing XDEF routing logical nets.
Writing XDEF routing special nets.
Write XDEF Complete: Time (s): cpu = 00:00:00 ; elapsed = 00:00:00.021 . Memory (MB): peak = 1314.969 ; gain = 0.000
Netlist sorting complete. Time (s): cpu = 00:00:00 ; elapsed = 00:00:00.002 . Memory (MB): peak = 1314.969 ; gain = 0.000
INFO: [Common 17-1381] The checkpoint 'E:/Works/com_labs/lab3/lab3.runs/impl_1/lab3_opt.dcp' has been generated.
INFO: [runtcl-4] Executing : report_drc -file lab3_drc_opted.rpt -pb lab3_drc_opted.pb -rpx lab3_drc_opted.rpx
Command: report_drc -file lab3_drc_opted.rpt -pb lab3_drc_opted.pb -rpx lab3_drc_opted.rpx
INFO: [IP_Flow 19-1839] IP Catalog is up to date.
INFO: [DRC 23-27] Running DRC with 2 threads
INFO: [Coretcl 2-168] The results of DRC are in file E:/Works/com_labs/lab3/lab3.runs/impl_1/lab3_drc_opted.rpt.
report_drc completed successfully
Command: place_design
Attempting to get a license for feature 'Implementation' and/or device 'xc7a100t'
INFO: [Common 17-349] Got license for feature 'Implementation' and/or device 'xc7a100t'
INFO: [DRC 23-27] Running DRC with 2 threads
INFO: [Vivado_Tcl 4-198] DRC finished with 0 Errors
INFO: [Vivado_Tcl 4-199] Please refer to the DRC report (report_drc) for more information.
Running DRC as a precondition to command place_design
INFO: [DRC 23-27] Running DRC with 2 threads
INFO: [Vivado_Tcl 4-198] DRC finished with 0 Errors
INFO: [Vivado_Tcl 4-199] Please refer to the DRC report (report_drc) for more information.

Starting Placer Task
INFO: [Place 30-611] Multithreading enabled for place_design using a maximum of 2 CPUs

Phase 1 Placer Initialization

Phase 1.1 Placer Initialization Netlist Sorting
Netlist sorting complete. Time (s): cpu = 00:00:00 ; elapsed = 00:00:00.001 . Memory (MB): peak = 1314.969 ; gain = 0.000
Phase 1.1 Placer Initialization Netlist Sorting | Checksum: 10dc16592

Time (s): cpu = 00:00:00 ; elapsed = 00:00:00.006 . Memory (MB): peak = 1314.969 ; gain = 0.000
Netlist sorting complete. Time (s): cpu = 00:00:00 ; elapsed = 00:00:00 . Memory (MB): peak = 1314.969 ; gain = 0.000

Phase 1.2 IO Placement/ Clock Placement/ Build Placer Device
INFO: [Timing 38-35] Done setting XDC timing constraints.
Phase 1.2 IO Placement/ Clock Placement/ Build Placer Device | Checksum: 10b4e22c5

Time (s): cpu = 00:00:01 ; elapsed = 00:00:00.635 . Memory (MB): peak = 1314.969 ; gain = 0.000

Phase 1.3 Build Placer Netlist Model
Phase 1.3 Build Placer Netlist Model | Checksum: 11fb76ae8

Time (s): cpu = 00:00:01 ; elapsed = 00:00:00.806 . Memory (MB): peak = 1314.969 ; gain = 0.000

Phase 1.4 Constrain Clocks/Macros
Phase 1.4 Constrain Clocks/Macros | Checksum: 11fb76ae8

Time (s): cpu = 00:00:01 ; elapsed = 00:00:00.809 . Memory (MB): peak = 1314.969 ; gain = 0.000
Phase 1 Placer Initialization | Checksum: 11fb76ae8

Time (s): cpu = 00:00:01 ; elapsed = 00:00:00.812 . Memory (MB): peak = 1314.969 ; gain = 0.000

Phase 2 Global Placement

Phase 2.1 Floorplanning
Phase 2.1 Floorplanning | Checksum: 1e74207ad

Time (s): cpu = 00:00:01 ; elapsed = 00:00:00.846 . Memory (MB): peak = 1314.969 ; gain = 0.000

Phase 2.2 Physical Synthesis In Placer
INFO: [Physopt 32-65] No nets found for high-fanout optimization.
INFO: [Physopt 32-232] Optimized 0 net. Created 0 new instance.
INFO: [Physopt 32-775] End 1 Pass. Optimized 0 net or cell. Created 0 new cell, deleted 0 existing cell and moved 0 existing cell
INFO: [Physopt 32-670] No setup violation found.  DSP Register Optimization was not performed.
INFO: [Physopt 32-670] No setup violation found.  Shift Register Optimization was not performed.
INFO: [Physopt 32-670] No setup violation found.  BRAM Register Optimization was not performed.
INFO: [Physopt 32-949] No candidate nets found for HD net replication
INFO: [Physopt 32-775] End 1 Pass. Optimized 0 net or cell. Created 0 new cell, deleted 0 existing cell and moved 0 existing cell
Netlist sorting complete. Time (s): cpu = 00:00:00 ; elapsed = 00:00:00.001 . Memory (MB): peak = 1314.969 ; gain = 0.000

Summary of Physical Synthesis Optimizations
============================================


----------------------------------------------------------------------------------------------------------------------------------------
|  Optimization                  |  Added Cells  |  Removed Cells  |  Optimized Cells/Nets  |  Dont Touch  |  Iterations  |  Elapsed   |
----------------------------------------------------------------------------------------------------------------------------------------
|  Very High Fanout              |            0  |              0  |                     0  |           0  |           1  |  00:00:00  |
|  DSP Register                  |            0  |              0  |                     0  |           0  |           0  |  00:00:00  |
|  Shift Register                |            0  |              0  |                     0  |           0  |           0  |  00:00:00  |
|  BRAM Register                 |            0  |              0  |                     0  |           0  |           0  |  00:00:00  |
|  HD Interface Net Replication  |            0  |              0  |                     0  |           0  |           1  |  00:00:00  |
|  Total                         |            0  |              0  |                     0  |           0  |           2  |  00:00:00  |
----------------------------------------------------------------------------------------------------------------------------------------


Phase 2.2 Physical Synthesis In Placer | Checksum: 16544244a

Time (s): cpu = 00:00:01 ; elapsed = 00:00:01 . Memory (MB): peak = 1314.969 ; gain = 0.000
Phase 2 Global Placement | Checksum: 1e8c02976

Time (s): cpu = 00:00:01 ; elapsed = 00:00:01 . Memory (MB): peak = 1314.969 ; gain = 0.000

Phase 3 Detail Placement

Phase 3.1 Commit Multi Column Macros
Phase 3.1 Commit Multi Column Macros | Checksum: 1e8c02976

Time (s): cpu = 00:00:01 ; elapsed = 00:00:01 . Memory (MB): peak = 1314.969 ; gain = 0.000

Phase 3.2 Commit Most Macros & LUTRAMs
Phase 3.2 Commit Most Macros & LUTRAMs | Checksum: 1270813a5

Time (s): cpu = 00:00:01 ; elapsed = 00:00:01 . Memory (MB): peak = 1314.969 ; gain = 0.000

Phase 3.3 Area Swap Optimization
Phase 3.3 Area Swap Optimization | Checksum: 1ea4e2c6b

Time (s): cpu = 00:00:01 ; elapsed = 00:00:01 . Memory (MB): peak = 1314.969 ; gain = 0.000

Phase 3.4 Pipeline Register Optimization
Phase 3.4 Pipeline Register Optimization | Checksum: 14e3eed49

Time (s): cpu = 00:00:01 ; elapsed = 00:00:01 . Memory (MB): peak = 1314.969 ; gain = 0.000

Phase 3.5 Small Shape Detail Placement
Phase 3.5 Small Shape Detail Placement | Checksum: 2cac5a550

Time (s): cpu = 00:00:01 ; elapsed = 00:00:02 . Memory (MB): peak = 1314.969 ; gain = 0.000

Phase 3.6 Re-assign LUT pins
Phase 3.6 Re-assign LUT pins | Checksum: 22d5a9703

Time (s): cpu = 00:00:01 ; elapsed = 00:00:02 . Memory (MB): peak = 1314.969 ; gain = 0.000

Phase 3.7 Pipeline Register Optimization
Phase 3.7 Pipeline Register Optimization | Checksum: 1a910d861

Time (s): cpu = 00:00:01 ; elapsed = 00:00:02 . Memory (MB): peak = 1314.969 ; gain = 0.000
Phase 3 Detail Placement | Checksum: 1a910d861

Time (s): cpu = 00:00:01 ; elapsed = 00:00:02 . Memory (MB): peak = 1314.969 ; gain = 0.000

Phase 4 Post Placement Optimization and Clean-Up

Phase 4.1 Post Commit Optimization
INFO: [Timing 38-35] Done setting XDC timing constraints.

Phase 4.1.1 Post Placement Optimization
Post Placement Optimization Initialization | Checksum: c40fcfe1

Phase 4.1.1.1 BUFG Insertion
INFO: [Place 46-46] BUFG insertion identified 0 candidate nets, 0 success, 0 bufg driver replicated, 0 skipped for placement/routing, 0 skipped for timing, 0 skipped for netlist change reason
Phase 4.1.1.1 BUFG Insertion | Checksum: c40fcfe1

Time (s): cpu = 00:00:01 ; elapsed = 00:00:02 . Memory (MB): peak = 1314.969 ; gain = 0.000
INFO: [Place 30-746] Post Placement Timing Summary WNS=95.327. For the most accurate timing information please run report_timing.
Phase 4.1.1 Post Placement Optimization | Checksum: 8757fd27

Time (s): cpu = 00:00:01 ; elapsed = 00:00:02 . Memory (MB): peak = 1314.969 ; gain = 0.000
Phase 4.1 Post Commit Optimization | Checksum: 8757fd27

Time (s): cpu = 00:00:01 ; elapsed = 00:00:02 . Memory (MB): peak = 1314.969 ; gain = 0.000

Phase 4.2 Post Placement Cleanup
Phase 4.2 Post Placement Cleanup | Checksum: 8757fd27

Time (s): cpu = 00:00:01 ; elapsed = 00:00:02 . Memory (MB): peak = 1314.969 ; gain = 0.000

Phase 4.3 Placer Reporting
Phase 4.3 Placer Reporting | Checksum: 8757fd27

Time (s): cpu = 00:00:01 ; elapsed = 00:00:02 . Memory (MB): peak = 1314.969 ; gain = 0.000

Phase 4.4 Final Placement Cleanup
Netlist sorting complete. Time (s): cpu = 00:00:00 ; elapsed = 00:00:00 . Memory (MB): peak = 1314.969 ; gain = 0.000
Phase 4.4 Final Placement Cleanup | Checksum: 1750de9e9

Time (s): cpu = 00:00:01 ; elapsed = 00:00:02 . Memory (MB): peak = 1314.969 ; gain = 0.000
Phase 4 Post Placement Optimization and Clean-Up | Checksum: 1750de9e9

Time (s): cpu = 00:00:01 ; elapsed = 00:00:02 . Memory (MB): peak = 1314.969 ; gain = 0.000
Ending Placer Task | Checksum: 14eea37b9

Time (s): cpu = 00:00:01 ; elapsed = 00:00:02 . Memory (MB): peak = 1314.969 ; gain = 0.000
INFO: [Common 17-83] Releasing license: Implementation
51 Infos, 23 Warnings, 23 Critical Warnings and 0 Errors encountered.
place_design completed successfully
Netlist sorting complete. Time (s): cpu = 00:00:00 ; elapsed = 00:00:00 . Memory (MB): peak = 1314.969 ; gain = 0.000
INFO: [Timing 38-480] Writing timing data to binary archive.
Writing placer database...
Netlist sorting complete. Time (s): cpu = 00:00:00 ; elapsed = 00:00:00 . Memory (MB): peak = 1314.969 ; gain = 0.000
Writing XDEF routing.
Writing XDEF routing logical nets.
Writing XDEF routing special nets.
Write XDEF Complete: Time (s): cpu = 00:00:01 ; elapsed = 00:00:00.082 . Memory (MB): peak = 1314.969 ; gain = 0.000
INFO: [Common 17-1381] The checkpoint 'E:/Works/com_labs/lab3/lab3.runs/impl_1/lab3_placed.dcp' has been generated.
INFO: [runtcl-4] Executing : report_io -file lab3_io_placed.rpt
report_io: Time (s): cpu = 00:00:00 ; elapsed = 00:00:00.028 . Memory (MB): peak = 1314.969 ; gain = 0.000
INFO: [runtcl-4] Executing : report_utilization -file lab3_utilization_placed.rpt -pb lab3_utilization_placed.pb
INFO: [runtcl-4] Executing : report_control_sets -verbose -file lab3_control_sets_placed.rpt
report_control_sets: Time (s): cpu = 00:00:00 ; elapsed = 00:00:00.004 . Memory (MB): peak = 1314.969 ; gain = 0.000
Command: route_design
Attempting to get a license for feature 'Implementation' and/or device 'xc7a100t'
INFO: [Common 17-349] Got license for feature 'Implementation' and/or device 'xc7a100t'
Running DRC as a precondition to command route_design
INFO: [DRC 23-27] Running DRC with 2 threads
INFO: [Vivado_Tcl 4-198] DRC finished with 0 Errors
INFO: [Vivado_Tcl 4-199] Please refer to the DRC report (report_drc) for more information.


Starting Routing Task
INFO: [Route 35-254] Multithreading enabled for route_design using a maximum of 2 CPUs
Checksum: PlaceDB: 5739b954 ConstDB: 0 ShapeSum: f7b07e65 RouteDB: 0

Phase 1 Build RT Design
Phase 1 Build RT Design | Checksum: 162ba1658

Time (s): cpu = 00:00:11 ; elapsed = 00:00:16 . Memory (MB): peak = 1460.031 ; gain = 145.062
Post Restoration Checksum: NetGraph: cb883abb NumContArr: 9731db9d Constraints: 0 Timing: 0

Phase 2 Router Initialization

Phase 2.1 Create Timer
Phase 2.1 Create Timer | Checksum: 162ba1658

Time (s): cpu = 00:00:11 ; elapsed = 00:00:16 . Memory (MB): peak = 1492.203 ; gain = 177.234

Phase 2.2 Fix Topology Constraints
Phase 2.2 Fix Topology Constraints | Checksum: 162ba1658

Time (s): cpu = 00:00:11 ; elapsed = 00:00:16 . Memory (MB): peak = 1498.516 ; gain = 183.547

Phase 2.3 Pre Route Cleanup
Phase 2.3 Pre Route Cleanup | Checksum: 162ba1658

Time (s): cpu = 00:00:11 ; elapsed = 00:00:16 . Memory (MB): peak = 1498.516 ; gain = 183.547
 Number of Nodes with overlaps = 0

Phase 2.4 Update Timing
Phase 2.4 Update Timing | Checksum: 1a994e4fa

Time (s): cpu = 00:00:11 ; elapsed = 00:00:17 . Memory (MB): peak = 1506.875 ; gain = 191.906
INFO: [Route 35-416] Intermediate Timing Summary | WNS=95.299 | TNS=0.000  | WHS=-0.018 | THS=-0.298 |

Phase 2 Router Initialization | Checksum: 1de7e561c

Time (s): cpu = 00:00:11 ; elapsed = 00:00:17 . Memory (MB): peak = 1506.875 ; gain = 191.906

Phase 3 Initial Routing
Phase 3 Initial Routing | Checksum: 189859619

Time (s): cpu = 00:00:11 ; elapsed = 00:00:17 . Memory (MB): peak = 1508.527 ; gain = 193.559

Phase 4 Rip-up And Reroute

Phase 4.1 Global Iteration 0
 Number of Nodes with overlaps = 84
 Number of Nodes with overlaps = 0
INFO: [Route 35-416] Intermediate Timing Summary | WNS=94.897 | TNS=0.000  | WHS=N/A    | THS=N/A    |

Phase 4.1 Global Iteration 0 | Checksum: 176d1b770

Time (s): cpu = 00:00:12 ; elapsed = 00:00:17 . Memory (MB): peak = 1508.531 ; gain = 193.562
Phase 4 Rip-up And Reroute | Checksum: 176d1b770

Time (s): cpu = 00:00:12 ; elapsed = 00:00:17 . Memory (MB): peak = 1508.531 ; gain = 193.562

Phase 5 Delay and Skew Optimization

Phase 5.1 Delay CleanUp
Phase 5.1 Delay CleanUp | Checksum: 176d1b770

Time (s): cpu = 00:00:12 ; elapsed = 00:00:17 . Memory (MB): peak = 1508.531 ; gain = 193.562

Phase 5.2 Clock Skew Optimization
Phase 5.2 Clock Skew Optimization | Checksum: 176d1b770

Time (s): cpu = 00:00:12 ; elapsed = 00:00:17 . Memory (MB): peak = 1508.531 ; gain = 193.562
Phase 5 Delay and Skew Optimization | Checksum: 176d1b770

Time (s): cpu = 00:00:12 ; elapsed = 00:00:17 . Memory (MB): peak = 1508.531 ; gain = 193.562

Phase 6 Post Hold Fix

Phase 6.1 Hold Fix Iter

Phase 6.1.1 Update Timing
Phase 6.1.1 Update Timing | Checksum: 137e8d2be

Time (s): cpu = 00:00:12 ; elapsed = 00:00:17 . Memory (MB): peak = 1508.531 ; gain = 193.562
INFO: [Route 35-416] Intermediate Timing Summary | WNS=94.976 | TNS=0.000  | WHS=0.235  | THS=0.000  |

Phase 6.1 Hold Fix Iter | Checksum: 137e8d2be

Time (s): cpu = 00:00:12 ; elapsed = 00:00:17 . Memory (MB): peak = 1508.531 ; gain = 193.562
Phase 6 Post Hold Fix | Checksum: 137e8d2be

Time (s): cpu = 00:00:12 ; elapsed = 00:00:17 . Memory (MB): peak = 1508.531 ; gain = 193.562

Phase 7 Route finalize

Router Utilization Summary
  Global Vertical Routing Utilization    = 0.133046 %
  Global Horizontal Routing Utilization  = 0.176328 %
  Routable Net Status*
  *Does not include unroutable nets such as driverless and loadless.
  Run report_route_status for detailed report.
  Number of Failed Nets               = 0
  Number of Unrouted Nets             = 0
  Number of Partially Routed Nets     = 0
  Number of Node Overlaps             = 0

Phase 7 Route finalize | Checksum: 137e8d2be

Time (s): cpu = 00:00:12 ; elapsed = 00:00:17 . Memory (MB): peak = 1508.531 ; gain = 193.562

Phase 8 Verifying routed nets

 Verification completed successfully
Phase 8 Verifying routed nets | Checksum: 137e8d2be

Time (s): cpu = 00:00:12 ; elapsed = 00:00:17 . Memory (MB): peak = 1510.598 ; gain = 195.629

Phase 9 Depositing Routes
Phase 9 Depositing Routes | Checksum: 115725fc0

Time (s): cpu = 00:00:12 ; elapsed = 00:00:17 . Memory (MB): peak = 1510.598 ; gain = 195.629

Phase 10 Post Router Timing
INFO: [Route 35-57] Estimated Timing Summary | WNS=94.976 | TNS=0.000  | WHS=0.235  | THS=0.000  |

INFO: [Route 35-327] The final timing numbers are based on the router estimated timing analysis. For a complete and accurate timing signoff, please run report_timing_summary.
Phase 10 Post Router Timing | Checksum: 115725fc0

Time (s): cpu = 00:00:12 ; elapsed = 00:00:17 . Memory (MB): peak = 1510.598 ; gain = 195.629
INFO: [Route 35-16] Router Completed Successfully

Time (s): cpu = 00:00:12 ; elapsed = 00:00:17 . Memory (MB): peak = 1510.598 ; gain = 195.629

Routing Is Done.
INFO: [Common 17-83] Releasing license: Implementation
68 Infos, 23 Warnings, 23 Critical Warnings and 0 Errors encountered.
route_design completed successfully
route_design: Time (s): cpu = 00:00:12 ; elapsed = 00:00:18 . Memory (MB): peak = 1510.598 ; gain = 195.629
Netlist sorting complete. Time (s): cpu = 00:00:00 ; elapsed = 00:00:00 . Memory (MB): peak = 1510.598 ; gain = 0.000
INFO: [Timing 38-480] Writing timing data to binary archive.
Writing placer database...
Netlist sorting complete. Time (s): cpu = 00:00:00 ; elapsed = 00:00:00 . Memory (MB): peak = 1510.598 ; gain = 0.000
Writing XDEF routing.
Writing XDEF routing logical nets.
Writing XDEF routing special nets.
Write XDEF Complete: Time (s): cpu = 00:00:00 ; elapsed = 00:00:00.096 . Memory (MB): peak = 1510.598 ; gain = 0.000
INFO: [Common 17-1381] The checkpoint 'E:/Works/com_labs/lab3/lab3.runs/impl_1/lab3_routed.dcp' has been generated.
INFO: [runtcl-4] Executing : report_drc -file lab3_drc_routed.rpt -pb lab3_drc_routed.pb -rpx lab3_drc_routed.rpx
Command: report_drc -file lab3_drc_routed.rpt -pb lab3_drc_routed.pb -rpx lab3_drc_routed.rpx
INFO: [IP_Flow 19-1839] IP Catalog is up to date.
INFO: [DRC 23-27] Running DRC with 2 threads
INFO: [Coretcl 2-168] The results of DRC are in file E:/Works/com_labs/lab3/lab3.runs/impl_1/lab3_drc_routed.rpt.
report_drc completed successfully
INFO: [runtcl-4] Executing : report_methodology -file lab3_methodology_drc_routed.rpt -pb lab3_methodology_drc_routed.pb -rpx lab3_methodology_drc_routed.rpx
Command: report_methodology -file lab3_methodology_drc_routed.rpt -pb lab3_methodology_drc_routed.pb -rpx lab3_methodology_drc_routed.rpx
INFO: [Timing 38-35] Done setting XDC timing constraints.
INFO: [DRC 23-133] Running Methodology with 2 threads
INFO: [Coretcl 2-1520] The results of Report Methodology are in file E:/Works/com_labs/lab3/lab3.runs/impl_1/lab3_methodology_drc_routed.rpt.
report_methodology completed successfully
INFO: [runtcl-4] Executing : report_power -file lab3_power_routed.rpt -pb lab3_power_summary_routed.pb -rpx lab3_power_routed.rpx
Command: report_power -file lab3_power_routed.rpt -pb lab3_power_summary_routed.pb -rpx lab3_power_routed.rpx
INFO: [Timing 38-35] Done setting XDC timing constraints.
Running Vector-less Activity Propagation...

Finished Running Vector-less Activity Propagation
80 Infos, 23 Warnings, 23 Critical Warnings and 0 Errors encountered.
report_power completed successfully
INFO: [runtcl-4] Executing : report_route_status -file lab3_route_status.rpt -pb lab3_route_status.pb
INFO: [runtcl-4] Executing : report_timing_summary -max_paths 10 -file lab3_timing_summary_routed.rpt -pb lab3_timing_summary_routed.pb -rpx lab3_timing_summary_routed.rpx -warn_on_violation 
INFO: [Timing 38-91] UpdateTimingParams: Speed grade: -1, Delay Type: min_max.
INFO: [Timing 38-191] Multithreading enabled for timing update using a maximum of 2 CPUs
INFO: [runtcl-4] Executing : report_incremental_reuse -file lab3_incremental_reuse_routed.rpt
INFO: [Vivado_Tcl 4-1062] Incremental flow is disabled. No incremental reuse Info to report.
INFO: [runtcl-4] Executing : report_clock_utilization -file lab3_clock_utilization_routed.rpt
INFO: [runtcl-4] Executing : report_bus_skew -warn_on_violation -file lab3_bus_skew_routed.rpt -pb lab3_bus_skew_routed.pb -rpx lab3_bus_skew_routed.rpx
INFO: [Timing 38-91] UpdateTimingParams: Speed grade: -1, Delay Type: min_max.
INFO: [Timing 38-191] Multithreading enabled for timing update using a maximum of 2 CPUs
INFO: [Common 17-206] Exiting Vivado at Sun Dec  1 20:42:22 2024...

*** Running vivado
    with args -log lab3.vdi -applog -m64 -product Vivado -messageDb vivado.pb -mode batch -source lab3.tcl -notrace


****** Vivado v2018.3 (64-bit)
  **** SW Build 2405991 on Thu Dec  6 23:38:27 MST 2018
  **** IP Build 2404404 on Fri Dec  7 01:43:56 MST 2018
    ** Copyright 1986-2018 Xilinx, Inc. All Rights Reserved.

source lab3.tcl -notrace
Command: open_checkpoint lab3_routed.dcp

Starting open_checkpoint Task

Time (s): cpu = 00:00:00 ; elapsed = 00:00:00.021 . Memory (MB): peak = 245.055 ; gain = 0.000
INFO: [Netlist 29-17] Analyzing 183 Unisim elements for replacement
INFO: [Netlist 29-28] Unisim Transformation completed in 0 CPU seconds
INFO: [Project 1-479] Netlist was created with Vivado 2018.3
INFO: [Device 21-403] Loading part xc7a100tcsg324-1
INFO: [Project 1-570] Preparing netlist for logic optimization
INFO: [Timing 38-478] Restoring timing data from binary archive.
INFO: [Timing 38-479] Binary timing data restore complete.
INFO: [Project 1-856] Restoring constraints from binary archive.
INFO: [Project 1-853] Binary constraint restore complete.
Reading XDEF placement.
Reading placer database...
Reading XDEF routing.
Read XDEF File: Time (s): cpu = 00:00:00 ; elapsed = 00:00:00.131 . Memory (MB): peak = 1182.520 ; gain = 0.000
Restored from archive | CPU: 0.000000 secs | Memory: 0.000000 MB |
Finished XDEF File Restore: Time (s): cpu = 00:00:00 ; elapsed = 00:00:00.131 . Memory (MB): peak = 1182.520 ; gain = 0.000
Netlist sorting complete. Time (s): cpu = 00:00:00 ; elapsed = 00:00:00 . Memory (MB): peak = 1182.520 ; gain = 0.000
INFO: [Project 1-111] Unisim Transformation Summary:
  A total of 32 instances were transformed.
  RAM64X1S => RAM64X1S (RAMS64E): 32 instances

INFO: [Project 1-604] Checkpoint was created with Vivado v2018.3 (64-bit) build 2405991
open_checkpoint: Time (s): cpu = 00:00:05 ; elapsed = 00:00:11 . Memory (MB): peak = 1182.520 ; gain = 937.465
Command: write_bitstream -force lab3.bit
Attempting to get a license for feature 'Implementation' and/or device 'xc7a100t'
INFO: [Common 17-349] Got license for feature 'Implementation' and/or device 'xc7a100t'
Running DRC as a precondition to command write_bitstream
INFO: [IP_Flow 19-234] Refreshing IP repositories
INFO: [IP_Flow 19-1704] No user IP repositories specified
INFO: [IP_Flow 19-2313] Loaded Vivado IP repository 'E:/StudyApps/Vivado_2018_3/Vivado/2018.3/data/ip'.
INFO: [DRC 23-27] Running DRC with 2 threads
WARNING: [DRC CFGBVS-1] Missing CFGBVS and CONFIG_VOLTAGE Design Properties: Neither the CFGBVS nor CONFIG_VOLTAGE voltage property is set in the current_design.  Configuration bank voltage select (CFGBVS) must be set to VCCO or GND, and CONFIG_VOLTAGE must be set to the correct configuration voltage, in order to determine the I/O voltage support for the pins in bank 0.  It is suggested to specify these either using the 'Edit Device Properties' function in the GUI or directly in the XDC file using the following syntax:

 set_property CFGBVS value1 [current_design]
 #where value1 is either VCCO or GND

 set_property CONFIG_VOLTAGE value2 [current_design]
 #where value2 is the voltage provided to configuration bank 0

Refer to the device configuration user guide for more information.
INFO: [Vivado 12-3199] DRC finished with 0 Errors, 1 Warnings
INFO: [Vivado 12-3200] Please refer to the DRC report (report_drc) for more information.
INFO: [Designutils 20-2272] Running write_bitstream with 2 threads.
Loading data files...
Loading site data...
Loading route data...
Processing options...
Creating bitmap...
Creating bitstream...
Writing bitstream ./lab3.bit...
INFO: [Vivado 12-1842] Bitgen Completed Successfully.
INFO: [Project 1-120] WebTalk data collection is mandatory when using a WebPACK part without a full Vivado license. To see the specific WebTalk data collected for your design, open the usage_statistics_webtalk.html or usage_statistics_webtalk.xml file in the implementation directory.
INFO: [Common 17-83] Releasing license: Implementation
22 Infos, 1 Warnings, 0 Critical Warnings and 0 Errors encountered.
write_bitstream completed successfully
write_bitstream: Time (s): cpu = 00:00:08 ; elapsed = 00:00:16 . Memory (MB): peak = 1692.297 ; gain = 509.777
INFO: [Common 17-206] Exiting Vivado at Sun Dec  1 20:44:55 2024...
